#
# A fatal error has been detected by the Java Runtime Environment:
#
#  EXCEPTION_ACCESS_VIOLATION (0xc0000005) at pc=0x0000000000000000, pid=8616, tid=4552
#
# JRE version: 7.0_25-b17
# Java VM: Java HotSpot(TM) 64-Bit Server VM (23.25-b01 mixed mode windows-amd64 compressed oops)
# Problematic frame:
# C  0x0000000000000000
#
# Failed to write core dump. Minidumps are not enabled by default on client versions of Windows
#
# If you would like to submit a bug report, please visit:
#   http://bugreport.sun.com/bugreport/crash.jsp
# The crash happened outside the Java Virtual Machine in native code.
# See problematic frame for where to report the bug.
#

---------------  T H R E A D  ---------------

Current thread (0x000000000d58b800):  JavaThread "AWT-Windows" daemon [_thread_in_native, id=4552, stack(0x000000000db80000,0x000000000dc80000)]

siginfo: ExceptionCode=0xc0000005, ExceptionInformation=0x0000000000000008 0x0000000000000000

Registers:
RAX=0x000000000df32fe0, RBX=0x000000000df39580, RCX=0x0000000000000000, RDX=0x000000000fe92cd0
RSP=0x000000000dc7ee28, RBP=0x0000000000000000, RSI=0x0000000000000000, RDI=0x000000000de96560
R8 =0x0000000010e26460, R9 =0x0000000c00020002, R10=0x00000000021b0158, R11=0x000007fee1159900
R12=0x0000000000000000, R13=0x000000077c4e8390, R14=0x000000000dc7f278, R15=0x000000000d58b800
RIP=0x0000000000000000, EFLAGS=0x0000000000010202

Top of Stack: (sp=0x000000000dc7ee28)
0x000000000dc7ee28:   000007fee0fd3335 000000000d58b800
0x000000000dc7ee38:   000000000d000000 000000077c9709d8
0x000000000dc7ee48:   000000000dc7edf8 000000000de96560
0x000000000dc7ee58:   000007fee0fd3287 000000000df39580
0x000000000dc7ee68:   000000005094e4c6 00001d8b0b85eacb
0x000000000dc7ee78:   000000077c9709d8 000000000df4cee0
0x000000000dc7ee88:   000007fee0fea72a 000000000dc7f278
0x000000000dc7ee98:   0000000010e26460 0000000000000000
0x000000000dc7eea8:   000000000d58b9d8 000000000de96560
0x000000000dc7eeb8:   000000000df39580 fffffffffffffffe
0x000000000dc7eec8:   000000005096cd72 0000000000000000
0x000000000dc7eed8:   000007fee0fea668 0000000000000001
0x000000000dc7eee8:   000000000dc7f258 0000000010e26460
0x000000000dc7eef8:   0000000010e26460 000000000de76670
0x000000000dc7ef08:   000007fee0fea7c6 000000000de72860
0x000000000dc7ef18:   000000000dc7f258 0000000010e26460 

Instructions: (pc=0x0000000000000000)
0xffffffffffffffe0:   


Register to memory mapping:

RAX=0x000000000df32fe0 is an unknown value
RBX=0x000000000df39580 is an unknown value
RCX=0x0000000000000000 is an unknown value
RDX=0x000000000fe92cd0 is an unknown value
RSP=0x000000000dc7ee28 is pointing into the stack for thread: 0x000000000d58b800
RBP=0x0000000000000000 is an unknown value
RSI=0x0000000000000000 is an unknown value
RDI=0x000000000de96560 is an unknown value
R8 =0x0000000010e26460 is an unknown value
R9 =0x0000000c00020002 is an unknown value
R10=0x00000000021b0158 is an unknown value
R11=0x000007fee1159900 is an unknown value
R12=0x0000000000000000 is an unknown value
R13=0x000000077c4e8390 is an oop
{method} 
 - klass: {other class}
R14=0x000000000dc7f278 is pointing into the stack for thread: 0x000000000d58b800
R15=0x000000000d58b800 is a thread


Stack: [0x000000000db80000,0x000000000dc80000],  sp=0x000000000dc7ee28,  free space=1019k
Java frames: (J=compiled Java code, j=interpreted, Vv=VM code)
j  sun.awt.windows.WToolkit.eventLoop()V+0
j  sun.awt.windows.WToolkit.run()V+49
j  java.lang.Thread.run()V+11
v  ~StubRoutines::call_stub

---------------  P R O C E S S  ---------------

Java Threads: ( => current thread )
  0x0000000012786000 JavaThread "Thread-1" daemon [_thread_in_native, id=4072, stack(0x0000000012b20000,0x0000000012c20000)]
  0x00000000021bc800 JavaThread "DestroyJavaVM" [_thread_blocked, id=6472, stack(0x0000000002420000,0x0000000002520000)]
  0x000000000d638000 JavaThread "AWT-EventQueue-0" [_thread_blocked, id=5528, stack(0x0000000011100000,0x0000000011200000)]
=>0x000000000d58b800 JavaThread "AWT-Windows" daemon [_thread_in_native, id=4552, stack(0x000000000db80000,0x000000000dc80000)]
  0x000000000d58b000 JavaThread "AWT-Shutdown" [_thread_blocked, id=8664, stack(0x000000000d990000,0x000000000da90000)]
  0x000000000d579800 JavaThread "Java2D Disposer" daemon [_thread_blocked, id=8004, stack(0x000000000d220000,0x000000000d320000)]
  0x000000000d447800 JavaThread "Thread-0" [_thread_blocked, id=8628, stack(0x000000000cfb0000,0x000000000d0b0000)]
  0x000000000b862800 JavaThread "Service Thread" daemon [_thread_blocked, id=1376, stack(0x000000000cbf0000,0x000000000ccf0000)]
  0x000000000b860000 JavaThread "C2 CompilerThread1" daemon [_thread_blocked, id=4692, stack(0x000000000d120000,0x000000000d220000)]
  0x000000000b84c800 JavaThread "C2 CompilerThread0" daemon [_thread_blocked, id=7856, stack(0x000000000ceb0000,0x000000000cfb0000)]
  0x000000000b84c000 JavaThread "Attach Listener" daemon [_thread_blocked, id=1128, stack(0x000000000cd00000,0x000000000ce00000)]
  0x000000000b844800 JavaThread "Signal Dispatcher" daemon [_thread_blocked, id=7360, stack(0x000000000c680000,0x000000000c780000)]
  0x0000000002188800 JavaThread "Finalizer" daemon [_thread_blocked, id=3216, stack(0x000000000cac0000,0x000000000cbc0000)]
  0x0000000002182000 JavaThread "Reference Handler" daemon [_thread_blocked, id=4784, stack(0x000000000c920000,0x000000000ca20000)]

Other Threads:
  0x000000000b7c2800 VMThread [stack: 0x000000000c790000,0x000000000c890000] [id=7388]
  0x000000000b87b800 WatcherThread [stack: 0x000000000d320000,0x000000000d420000] [id=8252]

VM state:not at safepoint (normal execution)

VM Mutex/Monitor currently owned by a thread: None

Heap
 PSYoungGen      total 21376K, used 1789K [0x00000007d5b60000, 0x00000007d7200000, 0x0000000800000000)
  eden space 20480K, 8% used [0x00000007d5b60000,0x00000007d5d07668,0x00000007d6f60000)
  from space 896K, 10% used [0x00000007d7120000,0x00000007d7138000,0x00000007d7200000)
  to   space 1344K, 0% used [0x00000007d6f60000,0x00000007d6f60000,0x00000007d70b0000)
 ParOldGen       total 86656K, used 1860K [0x0000000781200000, 0x00000007866a0000, 0x00000007d5b60000)
  object space 86656K, 2% used [0x0000000781200000,0x00000007813d13b8,0x00000007866a0000)
 PSPermGen       total 21248K, used 9667K [0x000000077c000000, 0x000000077d4c0000, 0x0000000781200000)
  object space 21248K, 45% used [0x000000077c000000,0x000000077c970f10,0x000000077d4c0000)

Card table byte_map: [0x0000000005520000,0x0000000005950000] byte_map_base: 0x0000000001940000

Polling page: 0x00000000001b0000

Code Cache  [0x0000000002520000, 0x0000000002790000, 0x0000000005520000)
 total_blobs=831 nmethods=373 adapters=409 free_code_cache=47840Kb largest_free_block=48944128

Compilation events (10 events):
Event: 101.277 Thread 0x000000000b84c800  374             org.jbox2d.collision.PairManager::hash (50 bytes)
Event: 101.278 Thread 0x000000000b84c800 nmethod 374 0x00000000025c8d10 code [0x00000000025c8e40, 0x00000000025c8ed8]
Event: 101.997 Thread 0x000000000b860000  375             org.jbox2d.collision.PairManager::find (63 bytes)
Event: 101.998 Thread 0x000000000b860000 nmethod 375 0x000000000264f650 code [0x000000000264f7a0, 0x000000000264f938]
Event: 102.701 Thread 0x000000000b84c800  376             org.jbox2d.collision.PairManager::equals (22 bytes)
Event: 102.701 Thread 0x000000000b84c800 nmethod 376 0x000000000261f2d0 code [0x000000000261f400, 0x000000000261f498]
Event: 102.989 Thread 0x000000000b860000  377             org.jbox2d.collision.PairManager::commit (223 bytes)
Event: 102.997 Thread 0x000000000b860000 nmethod 377 0x0000000002661a10 code [0x0000000002661bc0, 0x0000000002662548]
Event: 105.773 Thread 0x000000000b84c800  378             java.lang.ref.WeakReference::<init> (6 bytes)
Event: 105.773 Thread 0x000000000b84c800 nmethod 378 0x000000000261f090 code [0x000000000261f1c0, 0x000000000261f258]

GC Heap History (10 events):
Event: 101.134 GC heap before
{Heap before GC invocations=22 (full 0):
 PSYoungGen      total 22592K, used 22592K [0x00000007d5b60000, 0x00000007d74d0000, 0x0000000800000000)
  eden space 22464K, 100% used [0x00000007d5b60000,0x00000007d7150000,0x00000007d7150000)
  from space 128K, 100% used [0x00000007d71c0000,0x00000007d71e0000,0x00000007d71e0000)
  to   space 1792K, 0% used [0x00000007d7310000,0x00000007d7310000,0x00000007d74d0000)
 ParOldGen       total 86656K, used 1772K [0x0000000781200000, 0x00000007866a0000, 0x00000007d5b60000)
  object space 86656K, 2% used [0x0000000781200000,0x00000007813bb3b8,0x00000007866a0000)
 PSPermGen       total 21248K, used 9661K [0x000000077c000000, 0x000000077d4c0000, 0x0000000781200000)
  object space 21248K, 45% used [0x000000077c000000,0x000000077c96f778,0x000000077d4c0000)
Event: 101.134 GC heap after
Heap after GC invocations=22 (full 0):
 PSYoungGen      total 23104K, used 96K [0x00000007d5b60000, 0x00000007d7420000, 0x0000000800000000)
  eden space 22016K, 0% used [0x00000007d5b60000,0x00000007d5b60000,0x00000007d70e0000)
  from space 1088K, 8% used [0x00000007d7310000,0x00000007d7328000,0x00000007d7420000)
  to   space 1664K, 0% used [0x00000007d70e0000,0x00000007d70e0000,0x00000007d7280000)
 ParOldGen       total 86656K, used 1788K [0x0000000781200000, 0x00000007866a0000, 0x00000007d5b60000)
  object space 86656K, 2% used [0x0000000781200000,0x00000007813bf3b8,0x00000007866a0000)
 PSPermGen       total 21248K, used 9661K [0x000000077c000000, 0x000000077d4c0000, 0x0000000781200000)
  object space 21248K, 45% used [0x000000077c000000,0x000000077c96f778,0x000000077d4c0000)
}
Event: 102.317 GC heap before
{Heap before GC invocations=23 (full 0):
 PSYoungGen      total 23104K, used 22112K [0x00000007d5b60000, 0x00000007d7420000, 0x0000000800000000)
  eden space 22016K, 100% used [0x00000007d5b60000,0x00000007d70e0000,0x00000007d70e0000)
  from space 1088K, 8% used [0x00000007d7310000,0x00000007d7328000,0x00000007d7420000)
  to   space 1664K, 0% used [0x00000007d70e0000,0x00000007d70e0000,0x00000007d7280000)
 ParOldGen       total 86656K, used 1788K [0x0000000781200000, 0x00000007866a0000, 0x00000007d5b60000)
  object space 86656K, 2% used [0x0000000781200000,0x00000007813bf3b8,0x00000007866a0000)
 PSPermGen       total 21248K, used 9662K [0x000000077c000000, 0x000000077d4c0000, 0x0000000781200000)
  object space 21248K, 45% used [0x000000077c000000,0x000000077c96faf8,0x000000077d4c0000)
Event: 102.317 GC heap after
Heap after GC invocations=23 (full 0):
 PSYoungGen      total 21760K, used 96K [0x00000007d5b60000, 0x00000007d73a0000, 0x0000000800000000)
  eden space 21632K, 0% used [0x00000007d5b60000,0x00000007d5b60000,0x00000007d7080000)
  from space 128K, 75% used [0x00000007d70e0000,0x00000007d70f8000,0x00000007d7100000)
  to   space 1600K, 0% used [0x00000007d7210000,0x00000007d7210000,0x00000007d73a0000)
 ParOldGen       total 86656K, used 1804K [0x0000000781200000, 0x00000007866a0000, 0x00000007d5b60000)
  object space 86656K, 2% used [0x0000000781200000,0x00000007813c33b8,0x00000007866a0000)
 PSPermGen       total 21248K, used 9662K [0x000000077c000000, 0x000000077d4c0000, 0x0000000781200000)
  object space 21248K, 45% used [0x000000077c000000,0x000000077c96faf8,0x000000077d4c0000)
}
Event: 103.469 GC heap before
{Heap before GC invocations=24 (full 0):
 PSYoungGen      total 21760K, used 21728K [0x00000007d5b60000, 0x00000007d73a0000, 0x0000000800000000)
  eden space 21632K, 100% used [0x00000007d5b60000,0x00000007d7080000,0x00000007d7080000)
  from space 128K, 75% used [0x00000007d70e0000,0x00000007d70f8000,0x00000007d7100000)
  to   space 1600K, 0% used [0x00000007d7210000,0x00000007d7210000,0x00000007d73a0000)
 ParOldGen       total 86656K, used 1804K [0x0000000781200000, 0x00000007866a0000, 0x00000007d5b60000)
  object space 86656K, 2% used [0x0000000781200000,0x00000007813c33b8,0x00000007866a0000)
 PSPermGen       total 21248K, used 9663K [0x000000077c000000, 0x000000077d4c0000, 0x0000000781200000)
  object space 21248K, 45% used [0x000000077c000000,0x000000077c96fd58,0x000000077d4c0000)
Event: 103.469 GC heap after
Heap after GC invocations=24 (full 0):
 PSYoungGen      total 22336K, used 96K [0x00000007d5b60000, 0x00000007d7320000, 0x0000000800000000)
  eden space 21248K, 0% used [0x00000007d5b60000,0x00000007d5b60000,0x00000007d7020000)
  from space 1088K, 8% used [0x00000007d7210000,0x00000007d7228000,0x00000007d7320000)
  to   space 1536K, 0% used [0x00000007d7020000,0x00000007d7020000,0x00000007d71a0000)
 ParOldGen       total 86656K, used 1820K [0x0000000781200000, 0x00000007866a0000, 0x00000007d5b60000)
  object space 86656K, 2% used [0x0000000781200000,0x00000007813c73b8,0x00000007866a0000)
 PSPermGen       total 21248K, used 9663K [0x000000077c000000, 0x000000077d4c0000, 0x0000000781200000)
  object space 21248K, 45% used [0x000000077c000000,0x000000077c96fd58,0x000000077d4c0000)
}
Event: 104.621 GC heap before
{Heap before GC invocations=25 (full 0):
 PSYoungGen      total 22336K, used 21344K [0x00000007d5b60000, 0x00000007d7320000, 0x0000000800000000)
  eden space 21248K, 100% used [0x00000007d5b60000,0x00000007d7020000,0x00000007d7020000)
  from space 1088K, 8% used [0x00000007d7210000,0x00000007d7228000,0x00000007d7320000)
  to   space 1536K, 0% used [0x00000007d7020000,0x00000007d7020000,0x00000007d71a0000)
 ParOldGen       total 86656K, used 1820K [0x0000000781200000, 0x00000007866a0000, 0x00000007d5b60000)
  object space 86656K, 2% used [0x0000000781200000,0x00000007813c73b8,0x00000007866a0000)
 PSPermGen       total 21248K, used 9663K [0x000000077c000000, 0x000000077d4c0000, 0x0000000781200000)
  object space 21248K, 45% used [0x000000077c000000,0x000000077c96fd58,0x000000077d4c0000)
Event: 104.621 GC heap after
Heap after GC invocations=25 (full 0):
 PSYoungGen      total 20992K, used 96K [0x00000007d5b60000, 0x00000007d7280000, 0x0000000800000000)
  eden space 20864K, 0% used [0x00000007d5b60000,0x00000007d5b60000,0x00000007d6fc0000)
  from space 128K, 75% used [0x00000007d7020000,0x00000007d7038000,0x00000007d7040000)
  to   space 1408K, 0% used [0x00000007d7120000,0x00000007d7120000,0x00000007d7280000)
 ParOldGen       total 86656K, used 1836K [0x0000000781200000, 0x00000007866a0000, 0x00000007d5b60000)
  object space 86656K, 2% used [0x0000000781200000,0x00000007813cb3b8,0x00000007866a0000)
 PSPermGen       total 21248K, used 9663K [0x000000077c000000, 0x000000077d4c0000, 0x0000000781200000)
  object space 21248K, 45% used [0x000000077c000000,0x000000077c96fd58,0x000000077d4c0000)
}
Event: 105.757 GC heap before
{Heap before GC invocations=26 (full 0):
 PSYoungGen      total 20992K, used 20960K [0x00000007d5b60000, 0x00000007d7280000, 0x0000000800000000)
  eden space 20864K, 100% used [0x00000007d5b60000,0x00000007d6fc0000,0x00000007d6fc0000)
  from space 128K, 75% used [0x00000007d7020000,0x00000007d7038000,0x00000007d7040000)
  to   space 1408K, 0% used [0x00000007d7120000,0x00000007d7120000,0x00000007d7280000)
 ParOldGen       total 86656K, used 1836K [0x0000000781200000, 0x00000007866a0000, 0x00000007d5b60000)
  object space 86656K, 2% used [0x0000000781200000,0x00000007813cb3b8,0x00000007866a0000)
 PSPermGen       total 21248K, used 9663K [0x000000077c000000, 0x000000077d4c0000, 0x0000000781200000)
  object space 21248K, 45% used [0x000000077c000000,0x000000077c96fd58,0x000000077d4c0000)
Event: 105.757 GC heap after
Heap after GC invocations=26 (full 0):
 PSYoungGen      total 21376K, used 96K [0x00000007d5b60000, 0x00000007d7200000, 0x0000000800000000)
  eden space 20480K, 0% used [0x00000007d5b60000,0x00000007d5b60000,0x00000007d6f60000)
  from space 896K, 10% used [0x00000007d7120000,0x00000007d7138000,0x00000007d7200000)
  to   space 1344K, 0% used [0x00000007d6f60000,0x00000007d6f60000,0x00000007d70b0000)
 ParOldGen       total 86656K, used 1860K [0x0000000781200000, 0x00000007866a0000, 0x00000007d5b60000)
  object space 86656K, 2% used [0x0000000781200000,0x00000007813d13b8,0x00000007866a0000)
 PSPermGen       total 21248K, used 9663K [0x000000077c000000, 0x000000077d4c0000, 0x0000000781200000)
  object space 21248K, 45% used [0x000000077c000000,0x000000077c96fd58,0x000000077d4c0000)
}

Deoptimization events (10 events):
Event: 53.789 Thread 0x000000000d447800 Uncommon trap -34 fr.pc 0x000000000262eec0
Event: 72.036 Thread 0x000000000d638000 Uncommon trap -34 fr.pc 0x000000000261f31c
Event: 72.117 Thread 0x000000000d638000 Uncommon trap -34 fr.pc 0x000000000261f31c
Event: 72.213 Thread 0x000000000d638000 Uncommon trap -34 fr.pc 0x000000000261f31c
Event: 72.221 Thread 0x000000000d447800 Uncommon trap -34 fr.pc 0x00000000025c9864
Event: 72.237 Thread 0x000000000d447800 Uncommon trap -34 fr.pc 0x00000000025c9864
Event: 72.253 Thread 0x000000000d447800 Uncommon trap -34 fr.pc 0x00000000025c9864
Event: 72.269 Thread 0x000000000d447800 Uncommon trap -34 fr.pc 0x00000000025c9864
Event: 72.300 Thread 0x000000000d638000 Uncommon trap -34 fr.pc 0x000000000261f31c
Event: 74.061 Thread 0x000000000d447800 Uncommon trap -83 fr.pc 0x00000000025d47ec

Internal exceptions (10 events):
Event: 0.098 Thread 0x000000000d447800 Threw 0x00000007d5f09708 at C:\jdk7u2_64p\jdk7u25\hotspot\src\share\vm\prims\jvm.cpp:1235
Event: 0.098 Thread 0x000000000d447800 Threw 0x00000007d5f0c4d8 at C:\jdk7u2_64p\jdk7u25\hotspot\src\share\vm\prims\jvm.cpp:1235
Event: 0.098 Thread 0x000000000d447800 Threw 0x00000007d5f0fd60 at C:\jdk7u2_64p\jdk7u25\hotspot\src\share\vm\prims\jvm.cpp:1235
Event: 0.101 Thread 0x00000000021bc800 Threw 0x00000007d5d23390 at C:\jdk7u2_64p\jdk7u25\hotspot\src\share\vm\prims\jvm.cpp:1235
Event: 0.204 Thread 0x00000000021bc800 Threw 0x00000007d6006938 at C:\jdk7u2_64p\jdk7u25\hotspot\src\share\vm\prims\jvm.cpp:1235
Event: 0.204 Thread 0x00000000021bc800 Threw 0x00000007d6006a60 at C:\jdk7u2_64p\jdk7u25\hotspot\src\share\vm\prims\jvm.cpp:1235
Event: 0.205 Thread 0x00000000021bc800 Threw 0x00000007d6009f68 at C:\jdk7u2_64p\jdk7u25\hotspot\src\share\vm\prims\jvm.cpp:1235
Event: 0.205 Thread 0x00000000021bc800 Threw 0x00000007d600a090 at C:\jdk7u2_64p\jdk7u25\hotspot\src\share\vm\prims\jvm.cpp:1235
Event: 0.830 Thread 0x000000000d447800 Threw 0x00000007d62734b8 at C:\jdk7u2_64p\jdk7u25\hotspot\src\share\vm\prims\jvm.cpp:1235
Event: 27.630 Thread 0x000000000d447800 Threw 0x00000007d75469d8 at C:\jdk7u2_64p\jdk7u25\hotspot\src\share\vm\prims\jvm.cpp:1235

Events (10 events):
Event: 104.621 Executing VM operation: ParallelGCFailedAllocation
Event: 104.621 Executing VM operation: ParallelGCFailedAllocation done
Event: 105.757 Executing VM operation: ParallelGCFailedAllocation
Event: 105.757 Executing VM operation: ParallelGCFailedAllocation done
Event: 105.844 Thread 0x0000000012785800 Thread added: 0x0000000012785800
Event: 105.844 Thread 0x0000000012786000 Thread added: 0x0000000012786000
Event: 105.844 Thread 0x000000000d6d3800 Thread exited: 0x000000000d6d3800
Event: 105.844 Thread 0x0000000012785800 Thread exited: 0x0000000012785800
Event: 105.844 loading class 0x000000000d59e6a0
Event: 105.844 loading class 0x000000000d59e6a0 done


Dynamic libraries:
0x000000013f040000 - 0x000000013f073000 	C:\Program Files\Java\jre7\bin\javaw.exe
0x0000000077b30000 - 0x0000000077cd9000 	C:\Windows\SYSTEM32\ntdll.dll
0x0000000077a10000 - 0x0000000077b2f000 	C:\Windows\system32\kernel32.dll
0x000007fefdbc0000 - 0x000007fefdc2b000 	C:\Windows\system32\KERNELBASE.dll
0x000007feff490000 - 0x000007feff56b000 	C:\Windows\system32\ADVAPI32.dll
0x000007feff750000 - 0x000007feff7ef000 	C:\Windows\system32\msvcrt.dll
0x000007feffc50000 - 0x000007feffc6f000 	C:\Windows\SYSTEM32\sechost.dll
0x000007feffcf0000 - 0x000007feffe1d000 	C:\Windows\system32\RPCRT4.dll
0x0000000077910000 - 0x0000000077a0a000 	C:\Windows\system32\USER32.dll
0x000007feff2b0000 - 0x000007feff317000 	C:\Windows\system32\GDI32.dll
0x000007fefe280000 - 0x000007fefe28e000 	C:\Windows\system32\LPK.dll
0x000007feff3c0000 - 0x000007feff489000 	C:\Windows\system32\USP10.dll
0x000007fefc2a0000 - 0x000007fefc494000 	C:\Windows\WinSxS\amd64_microsoft.windows.common-controls_6595b64144ccf1df_6.0.7601.17514_none_fa396087175ac9ac\COMCTL32.dll
0x000007feffc70000 - 0x000007feffce1000 	C:\Windows\system32\SHLWAPI.dll
0x000007fefe4f0000 - 0x000007fefe51e000 	C:\Windows\system32\IMM32.DLL
0x000007fefdd60000 - 0x000007fefde69000 	C:\Windows\system32\MSCTF.dll
0x000000006b040000 - 0x000000006b111000 	C:\Program Files\Java\jre7\bin\msvcr100.dll
0x0000000050860000 - 0x0000000050f6f000 	C:\Program Files\Java\jre7\bin\server\jvm.dll
0x000007fef8120000 - 0x000007fef8129000 	C:\Windows\system32\WSOCK32.dll
0x000007fefdd10000 - 0x000007fefdd5d000 	C:\Windows\system32\WS2_32.dll
0x000007feff7f0000 - 0x000007feff7f8000 	C:\Windows\system32\NSI.dll
0x000007fef9ad0000 - 0x000007fef9b0b000 	C:\Windows\system32\WINMM.dll
0x0000000077cf0000 - 0x0000000077cf7000 	C:\Windows\system32\PSAPI.DLL
0x0000000072d20000 - 0x0000000072d2f000 	C:\Program Files\Java\jre7\bin\verify.dll
0x000000006b3a0000 - 0x000000006b3c8000 	C:\Program Files\Java\jre7\bin\java.dll
0x000000006b380000 - 0x000000006b395000 	C:\Program Files\Java\jre7\bin\zip.dll
0x000000006c5f0000 - 0x000000006c785000 	C:\Program Files\Java\jre7\bin\awt.dll
0x000007fefdef0000 - 0x000007fefdfc7000 	C:\Windows\system32\OLEAUT32.dll
0x000007feff800000 - 0x000007feffa03000 	C:\Windows\system32\ole32.dll
0x000007fefbc90000 - 0x000007fefbca8000 	C:\Windows\system32\DWMAPI.DLL
0x000007fefc0c0000 - 0x000007fefc116000 	C:\Windows\system32\uxtheme.dll
0x000007fefd810000 - 0x000007fefd81f000 	C:\Windows\system32\CRYPTBASE.dll
0x000007fefe520000 - 0x000007feff2a8000 	C:\Windows\system32\SHELL32.dll
0x000007fee0fd0000 - 0x000007fee11cf000 	C:\Windows\system32\d3d9.dll
0x000007fefca20000 - 0x000007fefca2c000 	C:\Windows\system32\VERSION.dll
0x000007fef80f0000 - 0x000007fef80f7000 	C:\Windows\system32\d3d8thk.dll
0x000007fee6460000 - 0x000007fee75b4000 	C:\Windows\system32\nvd3dumx.dll
0x000007fefb860000 - 0x000007fefb88c000 	C:\Windows\system32\powrprof.dll
0x000007feff570000 - 0x000007feff747000 	C:\Windows\system32\SETUPAPI.dll
0x000007fefdcd0000 - 0x000007fefdd06000 	C:\Windows\system32\CFGMGR32.dll
0x000007fefdca0000 - 0x000007fefdcba000 	C:\Windows\system32\DEVOBJ.dll
0x000007fee8ec0000 - 0x000007fee9022000 	C:\Program Files (x86)\NVIDIA Corporation\3D Vision\nvSCPAPI64.dll
0x0000000180000000 - 0x0000000180129000 	C:\Windows\system32\nvspcap64.dll
0x000007fefd990000 - 0x000007fefdafc000 	C:\Windows\system32\CRYPT32.dll
0x000007fefd980000 - 0x000007fefd98f000 	C:\Windows\system32\MSASN1.dll
0x000007fef90e0000 - 0x000007fef93f4000 	C:\Windows\system32\nvapi64.dll
0x000007fefdc50000 - 0x000007fefdc8a000 	C:\Windows\system32\WINTRUST.dll
0x000000006cc00000 - 0x000000006cc3f000 	C:\Program Files\Java\jre7\bin\fontmanager.dll
0x000000006b360000 - 0x000000006b379000 	C:\Program Files\Java\jre7\bin\net.dll
0x000007fefd110000 - 0x000007fefd165000 	C:\Windows\system32\mswsock.dll
0x000007fefd100000 - 0x000007fefd107000 	C:\Windows\System32\wship6.dll
0x000000006b340000 - 0x000000006b351000 	C:\Program Files\Java\jre7\bin\nio.dll
0x000000006de80000 - 0x000000006dec1000 	C:\Program Files\Java\jre7\bin\t2k.dll
0x000007fee2210000 - 0x000007fee2335000 	C:\Windows\system32\dbghelp.dll

VM Arguments:
jvm_args: -Dfile.encoding=Cp1252 
java_command: Main
Launcher Type: SUN_STANDARD

Environment Variables:
CLASSPATH=.;C:\Program Files (x86)\Java\jre7\lib\ext\QTJava.zip
PATH=C:\Program Files (x86)\NVIDIA Corporation\PhysX\Common;C:\Program Files (x86)\Intel\iCLS Client\;C:\Program Files\Intel\iCLS Client\;C:\Program Files (x86)\Common Files\Intel\Shared Libraries\redist\intel64\compiler;C:\Program Files (x86)\Common Files\Intel\Shared Libraries\redist\ia32\compiler;C:\Windows\system32;C:\Windows;C:\Windows\System32\Wbem;C:\Windows\System32\WindowsPowerShell\v1.0\;C:\Program Files\MiKTeX 2.9\miktex\bin\x64\;C:\Program Files\MATLAB\R2013a\runtime\win64;C:\Program Files\MATLAB\R2013a\bin;C:\Program Files\Intel\Intel(R) Management Engine Components\DAL;C:\Program Files\Intel\Intel(R) Management Engine Components\IPT;C:\Program Files (x86)\Intel\Intel(R) Management Engine Components\DAL;C:\Program Files (x86)\Intel\Intel(R) Management Engine Components\IPT;C:\Program Files (x86)\PharosSystems\Core;C:\Program Files (x86)\QuickTime\QTSystem\;C:\Apache2\bin
USERNAME=Dianwen Li
OS=Windows_NT
PROCESSOR_IDENTIFIER=Intel64 Family 6 Model 60 Stepping 3, GenuineIntel



---------------  S Y S T E M  ---------------

OS: Windows 7 , 64 bit Build 7601 Service Pack 1

CPU:total 4 (4 cores per cpu, 1 threads per core) family 6 model 60 stepping 3, cmov, cx8, fxsr, mmx, sse, sse2, sse3, ssse3, sse4.1, sse4.2, popcnt, avx, avx2, tsc, tscinvbit

Memory: 4k page, physical 8314468k(4546640k free), swap 8824604k(4457068k free)

vm_info: Java HotSpot(TM) 64-Bit Server VM (23.25-b01) for windows-amd64 JRE (1.7.0_25-b17), built on Jun 21 2013 12:58:32 by "java_re" with unknown MS VC++:1600

time: Thu Jan 30 01:24:00 2014
elapsed time: 105 seconds

