#
# A fatal error has been detected by the Java Runtime Environment:
#
#  EXCEPTION_ACCESS_VIOLATION (0xc0000005) at pc=0x0000000000000000, pid=8640, tid=4132
#
# JRE version: 7.0_25-b17
# Java VM: Java HotSpot(TM) 64-Bit Server VM (23.25-b01 mixed mode windows-amd64 compressed oops)
# Problematic frame:
# C  0x0000000000000000
#
# Failed to write core dump. Minidumps are not enabled by default on client versions of Windows
#
# If you would like to submit a bug report, please visit:
#   http://bugreport.sun.com/bugreport/crash.jsp
# The crash happened outside the Java Virtual Machine in native code.
# See problematic frame for where to report the bug.
#

---------------  T H R E A D  ---------------

Current thread (0x000000000d5f9800):  JavaThread "AWT-Windows" daemon [_thread_in_native, id=4132, stack(0x000000000dea0000,0x000000000dfa0000)]

siginfo: ExceptionCode=0xc0000005, ExceptionInformation=0x0000000000000008 0x0000000000000000

Registers:
RAX=0x000000000e082fe0, RBX=0x000000000e089580, RCX=0x0000000000000000, RDX=0x0000000010295620
RSP=0x000000000df9f218, RBP=0x0000000000000000, RSI=0x0000000000000000, RDI=0x000000000dfe6560
R8 =0x0000000011123f40, R9 =0x0000000000000006, R10=0x0000000002130158, R11=0x000007fef7739900
R12=0x0000000000000000, R13=0x000000077c4c7cf8, R14=0x000000000df9f668, R15=0x000000000d5f9800
RIP=0x0000000000000000, EFLAGS=0x0000000000010202

Top of Stack: (sp=0x000000000df9f218)
0x000000000df9f218:   000007fef75b3335 000000000d5f9800
0x000000000df9f228:   000000000d000000 000000077ce4f8d8
0x000000000df9f238:   000000000df9f1e8 000000000dfe6560
0x000000000df9f248:   000007fef75b3287 000000000e089580
0x000000000df9f258:   000000006923e4c6 0000208c334cfdc8
0x000000000df9f268:   000000077ce4f8d8 000000000e09da20
0x000000000df9f278:   000007fef75ca72a 000000000df9f668
0x000000000df9f288:   0000000011123f40 0000000000000000
0x000000000df9f298:   000000000d5f99d8 000000000dfe6560
0x000000000df9f2a8:   000000000e089580 fffffffffffffffe
0x000000000df9f2b8:   000000006925cd72 0000000000000000
0x000000000df9f2c8:   000007fef75ca668 0000000000000001
0x000000000df9f2d8:   000000000df9f648 0000000011123f40
0x000000000df9f2e8:   0000000011123f40 000000000dfc6670
0x000000000df9f2f8:   000007fef75ca7c6 000000000dfc2860
0x000000000df9f308:   000000000df9f648 0000000011123f40 

Instructions: (pc=0x0000000000000000)
0xffffffffffffffe0:   


Register to memory mapping:

RAX=0x000000000e082fe0 is an unknown value
RBX=0x000000000e089580 is an unknown value
RCX=0x0000000000000000 is an unknown value
RDX=0x0000000010295620 is an unknown value
RSP=0x000000000df9f218 is pointing into the stack for thread: 0x000000000d5f9800
RBP=0x0000000000000000 is an unknown value
RSI=0x0000000000000000 is an unknown value
RDI=0x000000000dfe6560 is an unknown value
R8 =0x0000000011123f40 is an unknown value
R9 =0x0000000000000006 is an unknown value
R10=0x0000000002130158 is an unknown value
R11=0x000007fef7739900 is an unknown value
R12=0x0000000000000000 is an unknown value
R13=0x000000077c4c7cf8 is an oop
{method} 
 - klass: {other class}
R14=0x000000000df9f668 is pointing into the stack for thread: 0x000000000d5f9800
R15=0x000000000d5f9800 is a thread


Stack: [0x000000000dea0000,0x000000000dfa0000],  sp=0x000000000df9f218,  free space=1020k
Java frames: (J=compiled Java code, j=interpreted, Vv=VM code)
j  sun.awt.windows.WToolkit.eventLoop()V+0
j  sun.awt.windows.WToolkit.run()V+49
j  java.lang.Thread.run()V+11
v  ~StubRoutines::call_stub

---------------  P R O C E S S  ---------------

Java Threads: ( => current thread )
  0x0000000012f60800 JavaThread "Thread-1" daemon [_thread_in_native, id=7796, stack(0x0000000016450000,0x0000000016550000)]
  0x0000000012bf6800 JavaThread "TimerQueue" daemon [_thread_blocked, id=4292, stack(0x0000000014b70000,0x0000000014c70000)]
  0x000000000213c800 JavaThread "DestroyJavaVM" [_thread_blocked, id=7372, stack(0x0000000002420000,0x0000000002520000)]
  0x000000000d749000 JavaThread "AWT-EventQueue-0" [_thread_blocked, id=4456, stack(0x0000000011420000,0x0000000011520000)]
=>0x000000000d5f9800 JavaThread "AWT-Windows" daemon [_thread_in_native, id=4132, stack(0x000000000dea0000,0x000000000dfa0000)]
  0x000000000d5fa800 JavaThread "AWT-Shutdown" [_thread_blocked, id=7792, stack(0x000000000dc30000,0x000000000dd30000)]
  0x000000000d659800 JavaThread "Java2D Disposer" daemon [_thread_blocked, id=8876, stack(0x000000000daf0000,0x000000000dbf0000)]
  0x000000000d541000 JavaThread "Thread-0" [_thread_blocked, id=9884, stack(0x000000000d920000,0x000000000da20000)]
  0x000000000b7d2800 JavaThread "Service Thread" daemon [_thread_blocked, id=6868, stack(0x000000000d1b0000,0x000000000d2b0000)]
  0x000000000b7d1800 JavaThread "C2 CompilerThread1" daemon [_thread_blocked, id=5608, stack(0x000000000d090000,0x000000000d190000)]
  0x000000000b7cc800 JavaThread "C2 CompilerThread0" daemon [_thread_blocked, id=8288, stack(0x000000000cf80000,0x000000000d080000)]
  0x000000000b7cc000 JavaThread "Attach Listener" daemon [_thread_blocked, id=8344, stack(0x000000000cdc0000,0x000000000cec0000)]
  0x000000000b7c5000 JavaThread "Signal Dispatcher" daemon [_thread_blocked, id=8012, stack(0x000000000cc10000,0x000000000cd10000)]
  0x0000000002239000 JavaThread "Finalizer" daemon [_thread_blocked, id=3940, stack(0x000000000ca50000,0x000000000cb50000)]
  0x0000000002232000 JavaThread "Reference Handler" daemon [_thread_blocked, id=7440, stack(0x000000000c900000,0x000000000ca00000)]

Other Threads:
  0x000000000b742800 VMThread [stack: 0x000000000c7b0000,0x000000000c8b0000] [id=3056]
  0x000000000b7eb000 WatcherThread [stack: 0x000000000d410000,0x000000000d510000] [id=7200]

VM state:not at safepoint (normal execution)

VM Mutex/Monitor currently owned by a thread: None

Heap
 PSYoungGen      total 37888K, used 17180K [0x00000007d5b60000, 0x00000007d85a0000, 0x0000000800000000)
  eden space 32512K, 40% used [0x00000007d5b60000,0x00000007d6842ed8,0x00000007d7b20000)
  from space 5376K, 74% used [0x00000007d8060000,0x00000007d84444f0,0x00000007d85a0000)
  to   space 5376K, 0% used [0x00000007d7b20000,0x00000007d7b20000,0x00000007d8060000)
 ParOldGen       total 86656K, used 16K [0x0000000781200000, 0x00000007866a0000, 0x00000007d5b60000)
  object space 86656K, 0% used [0x0000000781200000,0x0000000781204000,0x00000007866a0000)
 PSPermGen       total 21248K, used 14655K [0x000000077c000000, 0x000000077d4c0000, 0x0000000781200000)
  object space 21248K, 68% used [0x000000077c000000,0x000000077ce4fe10,0x000000077d4c0000)

Card table byte_map: [0x0000000005520000,0x0000000005950000] byte_map_base: 0x0000000001940000

Polling page: 0x00000000004c0000

Code Cache  [0x0000000002520000, 0x0000000002790000, 0x0000000005520000)
 total_blobs=761 nmethods=247 adapters=465 free_code_cache=48071Kb largest_free_block=49194688

Compilation events (10 events):
Event: 29.747 Thread 0x000000000b7cc800  246             org.jbox2d.dynamics.World::solveTOI (987 bytes)
Event: 29.752 Thread 0x000000000b7cc800 nmethod 246 0x0000000002625090 code [0x0000000002625280, 0x00000000026258b0]
Event: 29.843 Thread 0x000000000b7d1800  247             org.jbox2d.collision.CollideCircle::collidePolygonAndCircle (671 bytes)
Event: 29.883 Thread 0x000000000b7d1800 nmethod 247 0x0000000002630fd0 code [0x0000000002631240, 0x0000000002632440]
Event: 30.052 Thread 0x000000000b7cc800  248             sun.java2d.loops.ProcessPath::ProcessCubic (460 bytes)
Event: 30.052 Thread 0x000000000b7d1800  249             java.util.Arrays::copyOf (19 bytes)
Event: 30.053 Thread 0x000000000b7d1800 nmethod 249 0x0000000002624c50 code [0x0000000002624da0, 0x0000000002624f78]
Event: 30.053 Thread 0x000000000b7cc800 nmethod 248 0x00000000026209d0 code [0x0000000002620b80, 0x0000000002620e88]
Event: 30.292 Thread 0x000000000b7d1800  250             sun.awt.SunToolkit::getContainingWindow (24 bytes)
Event: 30.292 Thread 0x000000000b7d1800 nmethod 250 0x0000000002624990 code [0x0000000002624ae0, 0x0000000002624b98]

GC Heap History (4 events):
Event: 18.185 GC heap before
{Heap before GC invocations=1 (full 0):
 PSYoungGen      total 37888K, used 32512K [0x00000007d5b60000, 0x00000007d85a0000, 0x0000000800000000)
  eden space 32512K, 100% used [0x00000007d5b60000,0x00000007d7b20000,0x00000007d7b20000)
  from space 5376K, 0% used [0x00000007d8060000,0x00000007d8060000,0x00000007d85a0000)
  to   space 5376K, 0% used [0x00000007d7b20000,0x00000007d7b20000,0x00000007d8060000)
 ParOldGen       total 86656K, used 0K [0x0000000781200000, 0x00000007866a0000, 0x00000007d5b60000)
  object space 86656K, 0% used [0x0000000781200000,0x0000000781200000,0x00000007866a0000)
 PSPermGen       total 21248K, used 13090K [0x000000077c000000, 0x000000077d4c0000, 0x0000000781200000)
  object space 21248K, 61% used [0x000000077c000000,0x000000077ccc8b88,0x000000077d4c0000)
Event: 18.188 GC heap after
Heap after GC invocations=1 (full 0):
 PSYoungGen      total 37888K, used 4160K [0x00000007d5b60000, 0x00000007d85a0000, 0x0000000800000000)
  eden space 32512K, 0% used [0x00000007d5b60000,0x00000007d5b60000,0x00000007d7b20000)
  from space 5376K, 77% used [0x00000007d7b20000,0x00000007d7f30098,0x00000007d8060000)
  to   space 5376K, 0% used [0x00000007d8060000,0x00000007d8060000,0x00000007d85a0000)
 ParOldGen       total 86656K, used 8K [0x0000000781200000, 0x00000007866a0000, 0x00000007d5b60000)
  object space 86656K, 0% used [0x0000000781200000,0x0000000781202000,0x00000007866a0000)
 PSPermGen       total 21248K, used 13090K [0x000000077c000000, 0x000000077d4c0000, 0x0000000781200000)
  object space 21248K, 61% used [0x000000077c000000,0x000000077ccc8b88,0x000000077d4c0000)
}
Event: 27.428 GC heap before
{Heap before GC invocations=2 (full 0):
 PSYoungGen      total 37888K, used 36672K [0x00000007d5b60000, 0x00000007d85a0000, 0x0000000800000000)
  eden space 32512K, 100% used [0x00000007d5b60000,0x00000007d7b20000,0x00000007d7b20000)
  from space 5376K, 77% used [0x00000007d7b20000,0x00000007d7f30098,0x00000007d8060000)
  to   space 5376K, 0% used [0x00000007d8060000,0x00000007d8060000,0x00000007d85a0000)
 ParOldGen       total 86656K, used 8K [0x0000000781200000, 0x00000007866a0000, 0x00000007d5b60000)
  object space 86656K, 0% used [0x0000000781200000,0x0000000781202000,0x00000007866a0000)
 PSPermGen       total 21248K, used 14615K [0x000000077c000000, 0x000000077d4c0000, 0x0000000781200000)
  object space 21248K, 68% used [0x000000077c000000,0x000000077ce45f70,0x000000077d4c0000)
Event: 27.430 GC heap after
Heap after GC invocations=2 (full 0):
 PSYoungGen      total 37888K, used 3985K [0x00000007d5b60000, 0x00000007d85a0000, 0x0000000800000000)
  eden space 32512K, 0% used [0x00000007d5b60000,0x00000007d5b60000,0x00000007d7b20000)
  from space 5376K, 74% used [0x00000007d8060000,0x00000007d84444f0,0x00000007d85a0000)
  to   space 5376K, 0% used [0x00000007d7b20000,0x00000007d7b20000,0x00000007d8060000)
 ParOldGen       total 86656K, used 16K [0x0000000781200000, 0x00000007866a0000, 0x00000007d5b60000)
  object space 86656K, 0% used [0x0000000781200000,0x0000000781204000,0x00000007866a0000)
 PSPermGen       total 21248K, used 14615K [0x000000077c000000, 0x000000077d4c0000, 0x0000000781200000)
  object space 21248K, 68% used [0x000000077c000000,0x000000077ce45f70,0x000000077d4c0000)
}

Deoptimization events (10 events):
Event: 0.338 Thread 0x000000000d541000 Uncommon trap -122 fr.pc 0x00000000025a8e3c
Event: 0.434 Thread 0x000000000d749000 Uncommon trap -83 fr.pc 0x00000000025c0140
Event: 0.436 Thread 0x000000000d749000 Uncommon trap 43 fr.pc 0x00000000025ada70
Event: 0.520 Thread 0x000000000d749000 Uncommon trap -83 fr.pc 0x00000000025b5e64
Event: 20.031 Thread 0x000000000d749000 Uncommon trap -34 fr.pc 0x00000000025f8bac
Event: 20.031 Thread 0x000000000d749000 Uncommon trap -34 fr.pc 0x00000000025f8bac
Event: 20.031 Thread 0x000000000d749000 Uncommon trap -34 fr.pc 0x00000000025f8bac
Event: 20.031 Thread 0x000000000d749000 Uncommon trap -34 fr.pc 0x00000000025f8bac
Event: 20.042 Thread 0x000000000d541000 Uncommon trap -83 fr.pc 0x00000000025b5a34
Event: 20.048 Thread 0x000000000d541000 Uncommon trap -83 fr.pc 0x00000000025b5684

Internal exceptions (10 events):
Event: 20.053 Thread 0x000000000d541000 Threw 0x00000007d5f2a400 at C:\jdk7u2_64p\jdk7u25\hotspot\src\share\vm\prims\jvm.cpp:1235
Event: 20.054 Thread 0x000000000d541000 Threw 0x00000007d5f2cee0 at C:\jdk7u2_64p\jdk7u25\hotspot\src\share\vm\prims\jvm.cpp:1235
Event: 20.054 Thread 0x000000000d541000 Threw 0x00000007d5f35958 at C:\jdk7u2_64p\jdk7u25\hotspot\src\share\vm\prims\jvm.cpp:1235
Event: 20.054 Thread 0x000000000d541000 Threw 0x00000007d5f3a820 at C:\jdk7u2_64p\jdk7u25\hotspot\src\share\vm\prims\jvm.cpp:1235
Event: 20.055 Thread 0x000000000d541000 Threw 0x00000007d5f44f70 at C:\jdk7u2_64p\jdk7u25\hotspot\src\share\vm\prims\jvm.cpp:1235
Event: 20.055 Thread 0x000000000d541000 Threw 0x00000007d5f47d18 at C:\jdk7u2_64p\jdk7u25\hotspot\src\share\vm\prims\jvm.cpp:1235
Event: 20.056 Thread 0x000000000d541000 Threw 0x00000007d5f4b190 at C:\jdk7u2_64p\jdk7u25\hotspot\src\share\vm\prims\jvm.cpp:1235
Event: 23.619 Thread 0x000000000d541000 Threw 0x00000007d6c11078 at C:\jdk7u2_64p\jdk7u25\hotspot\src\share\vm\prims\jvm.cpp:1235
Event: 23.620 Thread 0x000000000d541000 Threw 0x00000007d6c14900 at C:\jdk7u2_64p\jdk7u25\hotspot\src\share\vm\prims\jvm.cpp:1235
Event: 23.620 Thread 0x000000000d541000 Threw 0x00000007d6c1cfe0 at C:\jdk7u2_64p\jdk7u25\hotspot\src\share\vm\prims\jvm.cpp:1235

Events (10 events):
Event: 30.551 Thread 0x000000001298a800 Thread added: 0x000000001298a800
Event: 30.551 Thread 0x0000000012f60800 Thread added: 0x0000000012f60800
Event: 30.552 loading class 0x000000000d8194f0
Event: 30.552 Thread 0x000000001298a800 Thread exited: 0x000000001298a800
Event: 30.552 Thread 0x000000000d7b0800 Thread exited: 0x000000000d7b0800
Event: 30.552 loading class 0x000000000d8194f0 done
Event: 30.552 Thread 0x0000000012989800 Thread exited: 0x0000000012989800
Event: 30.552 loading class 0x000000000d773900
Event: 30.552 loading class 0x000000000d773900 done
Event: 30.552 Thread 0x000000000d82e000 Thread exited: 0x000000000d82e000


Dynamic libraries:
0x000000013f330000 - 0x000000013f363000 	C:\Program Files\Java\jre7\bin\javaw.exe
0x00000000771e0000 - 0x0000000077389000 	C:\Windows\SYSTEM32\ntdll.dll
0x0000000076fc0000 - 0x00000000770df000 	C:\Windows\system32\kernel32.dll
0x000007fefd270000 - 0x000007fefd2db000 	C:\Windows\system32\KERNELBASE.dll
0x000007fefec20000 - 0x000007fefecfb000 	C:\Windows\system32\ADVAPI32.dll
0x000007feff3e0000 - 0x000007feff47f000 	C:\Windows\system32\msvcrt.dll
0x000007feff210000 - 0x000007feff22f000 	C:\Windows\SYSTEM32\sechost.dll
0x000007fefe390000 - 0x000007fefe4bd000 	C:\Windows\system32\RPCRT4.dll
0x00000000770e0000 - 0x00000000771da000 	C:\Windows\system32\USER32.dll
0x000007feff480000 - 0x000007feff4e7000 	C:\Windows\system32\GDI32.dll
0x000007fefe4c0000 - 0x000007fefe4ce000 	C:\Windows\system32\LPK.dll
0x000007fefe910000 - 0x000007fefe9d9000 	C:\Windows\system32\USP10.dll
0x000007fefb950000 - 0x000007fefbb44000 	C:\Windows\WinSxS\amd64_microsoft.windows.common-controls_6595b64144ccf1df_6.0.7601.17514_none_fa396087175ac9ac\COMCTL32.dll
0x000007feff250000 - 0x000007feff2c1000 	C:\Windows\system32\SHLWAPI.dll
0x000007fefea60000 - 0x000007fefea8e000 	C:\Windows\system32\IMM32.DLL
0x000007feff2d0000 - 0x000007feff3d9000 	C:\Windows\system32\MSCTF.dll
0x000000006afc0000 - 0x000000006b091000 	C:\Program Files\Java\jre7\bin\msvcr100.dll
0x0000000069150000 - 0x000000006985f000 	C:\Program Files\Java\jre7\bin\server\jvm.dll
0x000007fef77d0000 - 0x000007fef77d9000 	C:\Windows\system32\WSOCK32.dll
0x000007feff1c0000 - 0x000007feff20d000 	C:\Windows\system32\WS2_32.dll
0x000007fefea90000 - 0x000007fefea98000 	C:\Windows\system32\NSI.dll
0x000007fef8e90000 - 0x000007fef8ecb000 	C:\Windows\system32\WINMM.dll
0x00000000773b0000 - 0x00000000773b7000 	C:\Windows\system32\PSAPI.DLL
0x000000006fc80000 - 0x000000006fc8f000 	C:\Program Files\Java\jre7\bin\verify.dll
0x000000006f1f0000 - 0x000000006f218000 	C:\Program Files\Java\jre7\bin\java.dll
0x000000006f090000 - 0x000000006f0a5000 	C:\Program Files\Java\jre7\bin\zip.dll
0x0000000059660000 - 0x00000000597f5000 	C:\Program Files\Java\jre7\bin\awt.dll
0x000007fefeb40000 - 0x000007fefec17000 	C:\Windows\system32\OLEAUT32.dll
0x000007fefefb0000 - 0x000007feff1b3000 	C:\Windows\system32\ole32.dll
0x000007fefb340000 - 0x000007fefb358000 	C:\Windows\system32\DWMAPI.DLL
0x000007fefb770000 - 0x000007fefb7c6000 	C:\Windows\system32\uxtheme.dll
0x000007fefcec0000 - 0x000007fefcecf000 	C:\Windows\system32\CRYPTBASE.dll
0x000007fef75b0000 - 0x000007fef77af000 	C:\Windows\system32\d3d9.dll
0x000007fefc0d0000 - 0x000007fefc0dc000 	C:\Windows\system32\VERSION.dll
0x000007fef75a0000 - 0x000007fef75a7000 	C:\Windows\system32\d3d8thk.dll
0x000007fed2ed0000 - 0x000007fed4024000 	C:\Windows\system32\nvd3dumx.dll
0x000007fefd3c0000 - 0x000007fefe148000 	C:\Windows\system32\SHELL32.dll
0x000007fefaf10000 - 0x000007fefaf3c000 	C:\Windows\system32\powrprof.dll
0x000007fefe570000 - 0x000007fefe747000 	C:\Windows\system32\SETUPAPI.dll
0x000007fefd200000 - 0x000007fefd236000 	C:\Windows\system32\CFGMGR32.dll
0x000007fefd250000 - 0x000007fefd26a000 	C:\Windows\system32\DEVOBJ.dll
0x000007fee3cc0000 - 0x000007fee3e22000 	C:\Program Files (x86)\NVIDIA Corporation\3D Vision\nvSCPAPI64.dll
0x0000000180000000 - 0x0000000180129000 	C:\Windows\system32\nvspcap64.dll
0x000007fefd090000 - 0x000007fefd1fc000 	C:\Windows\system32\CRYPT32.dll
0x000007fefd030000 - 0x000007fefd03f000 	C:\Windows\system32\MSASN1.dll
0x000007fef8710000 - 0x000007fef8a24000 	C:\Windows\system32\nvapi64.dll
0x000007fefd040000 - 0x000007fefd07a000 	C:\Windows\system32\WINTRUST.dll
0x000000006e9a0000 - 0x000000006e9df000 	C:\Program Files\Java\jre7\bin\fontmanager.dll
0x000007fef8df0000 - 0x000007fef8e90000 	C:\Windows\WinSxS\amd64_microsoft.windows.common-controls_6595b64144ccf1df_5.82.7601.18201_none_a4d3b9377117c3df\comctl32.dll
0x000000006fc40000 - 0x000000006fc59000 	C:\Program Files\Java\jre7\bin\net.dll
0x000007fefc800000 - 0x000007fefc855000 	C:\Windows\system32\mswsock.dll
0x000007fefc7f0000 - 0x000007fefc7f7000 	C:\Windows\System32\wship6.dll
0x000000006ea50000 - 0x000000006ea61000 	C:\Program Files\Java\jre7\bin\nio.dll
0x000000006b200000 - 0x000000006b241000 	C:\Program Files\Java\jre7\bin\t2k.dll
0x000007fefe4d0000 - 0x000007fefe569000 	C:\Windows\system32\CLBCatQ.DLL
0x000007fefb7d0000 - 0x000007fefb8fc000 	C:\Windows\system32\propsys.dll
0x000007fefbe40000 - 0x000007fefbe6d000 	C:\Windows\system32\ntmarta.dll
0x000007fefe8b0000 - 0x000007fefe902000 	C:\Windows\system32\WLDAP32.dll
0x000007fefce60000 - 0x000007fefceb7000 	C:\Windows\system32\apphelp.dll
0x000007fef4cc0000 - 0x000007fef4e5c000 	C:\Windows\system32\NetworkExplorer.dll
0x000007fef5a50000 - 0x000007fef5a84000 	C:\Windows\System32\shdocvw.dll
0x000007fefcf90000 - 0x000007fefcf9f000 	C:\Windows\system32\profapi.dll
0x000007fef9a30000 - 0x000007fef9a3b000 	C:\Windows\system32\slc.dll
0x000007fef7580000 - 0x000007fef7598000 	C:\Windows\system32\MPR.dll
0x000000000f530000 - 0x000000000f557000 	C:\Windows\system32\CbFsNetRdr3.dll
0x000007fefa1b0000 - 0x000007fefa1c6000 	C:\Windows\system32\NETAPI32.dll
0x000007fefacb0000 - 0x000007fefacbc000 	C:\Windows\system32\netutils.dll
0x000007fefcae0000 - 0x000007fefcb03000 	C:\Windows\system32\srvcli.dll
0x000007fefa1f0000 - 0x000007fefa205000 	C:\Windows\system32\wkscli.dll
0x000007fef5560000 - 0x000007fef556a000 	C:\Windows\System32\drprov.dll
0x000007fefc3a0000 - 0x000007fefc3dd000 	C:\Windows\System32\WINSTA.dll
0x000007fef4f20000 - 0x000007fef4f42000 	C:\Windows\System32\ntlanman.dll
0x000007fef4f00000 - 0x000007fef4f1d000 	C:\Windows\System32\davclnt.dll
0x000007fef5550000 - 0x000007fef555a000 	C:\Windows\System32\DAVHLPR.dll
0x000007fef6320000 - 0x000007fef632f000 	C:\Windows\system32\cscapi.dll
0x000007fef4420000 - 0x000007fef44dd000 	C:\Windows\system32\PortableDeviceApi.dll
0x000007fef54c0000 - 0x000007fef54f5000 	C:\Windows\system32\EhStorShell.dll
0x000007fefabe0000 - 0x000007fefac07000 	C:\Windows\system32\EhStorAPI.dll
0x000007fefb190000 - 0x000007fefb2f1000 	C:\Windows\system32\WindowsCodecs.dll
0x0000000011390000 - 0x00000000113c2000 	C:\Windows\system32\CbFsMntNtf3.dll
0x000007fefc260000 - 0x000007fefc271000 	C:\Windows\system32\WTSAPI32.dll
0x000007fef5350000 - 0x000007fef5410000 	C:\Program Files (x86)\Google\Drive\googledrivesync64.dll
0x000000006fe10000 - 0x000000006fee3000 	C:\Windows\WinSxS\amd64_microsoft.vc90.crt_1fc8b3b9a1e18e3b_9.0.30729.6161_none_08e61857a83bc251\MSVCP90.dll
0x000000006fd60000 - 0x000000006fe03000 	C:\Windows\WinSxS\amd64_microsoft.vc90.crt_1fc8b3b9a1e18e3b_9.0.30729.6161_none_08e61857a83bc251\MSVCR90.dll
0x000007fef63b0000 - 0x000007fef642e000 	C:\Windows\System32\cscui.dll
0x000007fef63a0000 - 0x000007fef63ac000 	C:\Windows\System32\CSCDLL.dll
0x000007fef6280000 - 0x000007fef6300000 	C:\Windows\system32\ntshrui.dll
0x000007fef5a40000 - 0x000007fef5a4c000 	C:\Windows\system32\LINKINFO.dll
0x000007fefb300000 - 0x000007fefb335000 	C:\Windows\system32\XmlLite.dll
0x000007fefc860000 - 0x000007fefc877000 	C:\Windows\system32\CRYPTSP.dll
0x000007fefc560000 - 0x000007fefc5a7000 	C:\Windows\system32\rsaenh.dll
0x000007fefcf70000 - 0x000007fefcf84000 	C:\Windows\system32\RpcRtRemote.dll
0x000007fee2c70000 - 0x000007fee2d47000 	C:\Windows\system32\SearchFolder.dll
0x000007fee08d0000 - 0x000007fee094b000 	C:\Windows\System32\StructuredQuery.dll
0x000007fefcc60000 - 0x000007fefcc6b000 	C:\Windows\System32\Secur32.dll
0x000007fefce30000 - 0x000007fefce55000 	C:\Windows\system32\SSPICLI.DLL
0x000007fee3880000 - 0x000007fee39a5000 	C:\Windows\system32\dbghelp.dll

VM Arguments:
jvm_args: -Dfile.encoding=Cp1252 
java_command: Main
Launcher Type: SUN_STANDARD

Environment Variables:
CLASSPATH=.;C:\Program Files (x86)\Java\jre7\lib\ext\QTJava.zip
PATH=C:\Program Files (x86)\NVIDIA Corporation\PhysX\Common;C:\Program Files (x86)\Intel\iCLS Client\;C:\Program Files\Intel\iCLS Client\;C:\Program Files (x86)\Common Files\Intel\Shared Libraries\redist\intel64\compiler;C:\Program Files (x86)\Common Files\Intel\Shared Libraries\redist\ia32\compiler;C:\Windows\system32;C:\Windows;C:\Windows\System32\Wbem;C:\Windows\System32\WindowsPowerShell\v1.0\;C:\Program Files\MiKTeX 2.9\miktex\bin\x64\;C:\Program Files\MATLAB\R2013a\runtime\win64;C:\Program Files\MATLAB\R2013a\bin;C:\Program Files\Intel\Intel(R) Management Engine Components\DAL;C:\Program Files\Intel\Intel(R) Management Engine Components\IPT;C:\Program Files (x86)\Intel\Intel(R) Management Engine Components\DAL;C:\Program Files (x86)\Intel\Intel(R) Management Engine Components\IPT;C:\Program Files (x86)\PharosSystems\Core;C:\Program Files (x86)\QuickTime\QTSystem\;C:\Apache2\bin
USERNAME=Dianwen Li
OS=Windows_NT
PROCESSOR_IDENTIFIER=Intel64 Family 6 Model 60 Stepping 3, GenuineIntel



---------------  S Y S T E M  ---------------

OS: Windows 7 , 64 bit Build 7601 Service Pack 1

CPU:total 4 (4 cores per cpu, 1 threads per core) family 6 model 60 stepping 3, cmov, cx8, fxsr, mmx, sse, sse2, sse3, ssse3, sse4.1, sse4.2, popcnt, avx, avx2, tsc, tscinvbit

Memory: 4k page, physical 8314468k(3572796k free), swap 8824604k(3092380k free)

vm_info: Java HotSpot(TM) 64-Bit Server VM (23.25-b01) for windows-amd64 JRE (1.7.0_25-b17), built on Jun 21 2013 12:58:32 by "java_re" with unknown MS VC++:1600

time: Sun Feb 02 11:53:16 2014
elapsed time: 30 seconds

