#
# A fatal error has been detected by the Java Runtime Environment:
#
#  EXCEPTION_ACCESS_VIOLATION (0xc0000005) at pc=0x0000000000000000, pid=8792, tid=6748
#
# JRE version: 7.0_25-b17
# Java VM: Java HotSpot(TM) 64-Bit Server VM (23.25-b01 mixed mode windows-amd64 compressed oops)
# Problematic frame:
# C  0x0000000000000000
#
# Failed to write core dump. Minidumps are not enabled by default on client versions of Windows
#
# If you would like to submit a bug report, please visit:
#   http://bugreport.sun.com/bugreport/crash.jsp
# The crash happened outside the Java Virtual Machine in native code.
# See problematic frame for where to report the bug.
#

---------------  T H R E A D  ---------------

Current thread (0x000000000d550000):  JavaThread "AWT-Windows" daemon [_thread_in_native, id=6748, stack(0x000000000db70000,0x000000000dc70000)]

siginfo: ExceptionCode=0xc0000005, ExceptionInformation=0x0000000000000008 0x0000000000000000

Registers:
RAX=0x000000000d8f2fe0, RBX=0x000000000d8f9580, RCX=0x0000000000000000, RDX=0x000000001007bff0
RSP=0x000000000dc6eff8, RBP=0x0000000000000000, RSI=0x0000000000000000, RDI=0x000000000d856560
R8 =0x0000000010fd3f40, R9 =0x0000000000000005, R10=0x0000000000310158, R11=0x000007fef7739900
R12=0x0000000000000000, R13=0x000000077c4c7cf8, R14=0x000000000dc6f448, R15=0x000000000d550000
RIP=0x0000000000000000, EFLAGS=0x0000000000010206

Top of Stack: (sp=0x000000000dc6eff8)
0x000000000dc6eff8:   000007fef75b3335 000000000d550000
0x000000000dc6f008:   000000000d000000 000000077ce7cbf8
0x000000000dc6f018:   000000000dc6efc8 000000000d856560
0x000000000dc6f028:   000007fef75b3287 000000000d8f9580
0x000000000dc6f038:   000000006923e4c6 0000208c4c7a4100
0x000000000dc6f048:   000000077ce7cbf8 000000000d90da20
0x000000000dc6f058:   000007fef75ca72a 000000000dc6f448
0x000000000dc6f068:   0000000010fd3f40 0000000000000000
0x000000000dc6f078:   000000000d5501d8 000000000d856560
0x000000000dc6f088:   000000000d8f9580 fffffffffffffffe
0x000000000dc6f098:   000000006925cd72 0000000000000000
0x000000000dc6f0a8:   000007fef75ca668 0000000000000001
0x000000000dc6f0b8:   000000000dc6f428 0000000010fd3f40
0x000000000dc6f0c8:   0000000010fd3f40 000000000d836670
0x000000000dc6f0d8:   000007fef75ca7c6 000000000d832860
0x000000000dc6f0e8:   000000000dc6f428 0000000010fd3f40 

Instructions: (pc=0x0000000000000000)
0xffffffffffffffe0:   


Register to memory mapping:

RAX=0x000000000d8f2fe0 is an unknown value
RBX=0x000000000d8f9580 is an unknown value
RCX=0x0000000000000000 is an unknown value
RDX=0x000000001007bff0 is an unknown value
RSP=0x000000000dc6eff8 is pointing into the stack for thread: 0x000000000d550000
RBP=0x0000000000000000 is an unknown value
RSI=0x0000000000000000 is an unknown value
RDI=0x000000000d856560 is an unknown value
R8 =0x0000000010fd3f40 is an unknown value
R9 =0x0000000000000005 is an unknown value
R10=0x0000000000310158 is an unknown value
R11=0x000007fef7739900 is an unknown value
R12=0x0000000000000000 is an unknown value
R13=0x000000077c4c7cf8 is an oop
{method} 
 - klass: {other class}
R14=0x000000000dc6f448 is pointing into the stack for thread: 0x000000000d550000
R15=0x000000000d550000 is a thread


Stack: [0x000000000db70000,0x000000000dc70000],  sp=0x000000000dc6eff8,  free space=1019k
Java frames: (J=compiled Java code, j=interpreted, Vv=VM code)
j  sun.awt.windows.WToolkit.eventLoop()V+0
j  sun.awt.windows.WToolkit.run()V+49
j  java.lang.Thread.run()V+11
v  ~StubRoutines::call_stub

---------------  P R O C E S S  ---------------

Java Threads: ( => current thread )
  0x000000000d7d7800 JavaThread "Thread-1" daemon [_thread_in_native, id=8968, stack(0x0000000017ed0000,0x0000000017fd0000)]
  0x0000000012c35000 JavaThread "TimerQueue" daemon [_thread_blocked, id=6044, stack(0x0000000014a70000,0x0000000014b70000)]
  0x000000000031c800 JavaThread "DestroyJavaVM" [_thread_blocked, id=5408, stack(0x0000000002440000,0x0000000002540000)]
  0x000000000d67c000 JavaThread "AWT-EventQueue-0" [_thread_blocked, id=9940, stack(0x0000000011150000,0x0000000011250000)]
=>0x000000000d550000 JavaThread "AWT-Windows" daemon [_thread_in_native, id=6748, stack(0x000000000db70000,0x000000000dc70000)]
  0x000000000d4e6000 JavaThread "AWT-Shutdown" [_thread_blocked, id=6216, stack(0x000000000dca0000,0x000000000dda0000)]
  0x000000000d54f000 JavaThread "Java2D Disposer" daemon [_thread_blocked, id=8956, stack(0x000000000da70000,0x000000000db70000)]
  0x000000000d42b000 JavaThread "Thread-0" [_thread_blocked, id=9076, stack(0x000000000d910000,0x000000000da10000)]
  0x000000000b6bf800 JavaThread "Service Thread" daemon [_thread_blocked, id=9996, stack(0x000000000c7e0000,0x000000000c8e0000)]
  0x000000000b6bf000 JavaThread "C2 CompilerThread1" daemon [_thread_blocked, id=9472, stack(0x000000000d0e0000,0x000000000d1e0000)]
  0x000000000b6ba000 JavaThread "C2 CompilerThread0" daemon [_thread_blocked, id=7216, stack(0x000000000cf50000,0x000000000d050000)]
  0x000000000b6b8800 JavaThread "Attach Listener" daemon [_thread_blocked, id=7756, stack(0x000000000ce30000,0x000000000cf30000)]
  0x000000000b6b1800 JavaThread "Signal Dispatcher" daemon [_thread_blocked, id=8296, stack(0x000000000cc40000,0x000000000cd40000)]
  0x0000000002265000 JavaThread "Finalizer" daemon [_thread_blocked, id=7536, stack(0x000000000cb30000,0x000000000cc30000)]
  0x000000000225e000 JavaThread "Reference Handler" daemon [_thread_blocked, id=5112, stack(0x000000000c930000,0x000000000ca30000)]

Other Threads:
  0x000000000b632800 VMThread [stack: 0x000000000c670000,0x000000000c770000] [id=10068]
  0x000000000b6d9000 WatcherThread [stack: 0x000000000d310000,0x000000000d410000] [id=9916]

VM state:not at safepoint (normal execution)

VM Mutex/Monitor currently owned by a thread: None

Heap
 PSYoungGen      total 29696K, used 4706K [0x00000007d5b60000, 0x00000007d7e60000, 0x0000000800000000)
  eden space 24832K, 18% used [0x00000007d5b60000,0x00000007d5fe0ab8,0x00000007d73a0000)
  from space 4864K, 1% used [0x00000007d79a0000,0x00000007d79b8000,0x00000007d7e60000)
  to   space 5504K, 0% used [0x00000007d73a0000,0x00000007d73a0000,0x00000007d7900000)
 ParOldGen       total 86656K, used 4115K [0x0000000781200000, 0x00000007866a0000, 0x00000007d5b60000)
  object space 86656K, 4% used [0x0000000781200000,0x0000000781604fc0,0x00000007866a0000)
 PSPermGen       total 21248K, used 14836K [0x000000077c000000, 0x000000077d4c0000, 0x0000000781200000)
  object space 21248K, 69% used [0x000000077c000000,0x000000077ce7d130,0x000000077d4c0000)

Card table byte_map: [0x0000000005540000,0x0000000005970000] byte_map_base: 0x0000000001960000

Polling page: 0x0000000000120000

Code Cache  [0x0000000002540000, 0x00000000027b0000, 0x0000000005540000)
 total_blobs=927 nmethods=413 adapters=465 free_code_cache=47691Kb largest_free_block=48795072

Compilation events (10 events):
Event: 96.880 Thread 0x000000000b6bf000  417             java.security.ProtectionDomain$1::doIntersectionPrivilege (32 bytes)
Event: 96.881 Thread 0x000000000b6bf000 nmethod 417 0x00000000026ae010 code [0x00000000026ae180, 0x00000000026ae2d8]
Event: 99.025 Thread 0x000000000b6ba000  419             org.jbox2d.dynamics.contacts.CircleContact::evaluate (674 bytes)
Event: 99.053 Thread 0x000000000b6ba000 nmethod 419 0x00000000026b31d0 code [0x00000000026b3560, 0x00000000026b4f18]
Event: 99.201 Thread 0x000000000b6bf000  420             sun.java2d.loops.CompositeType::equals (29 bytes)
Event: 99.201 Thread 0x000000000b6bf000 nmethod 420 0x00000000026ad990 code [0x00000000026adae0, 0x00000000026adb98]
Event: 99.553 Thread 0x000000000b6ba000  421  s          java.util.Hashtable::keys (6 bytes)
Event: 99.553 Thread 0x000000000b6bf000  422             java.util.Hashtable::getEnumeration (22 bytes)
Event: 99.553 Thread 0x000000000b6bf000 nmethod 422 0x00000000026ad650 code [0x00000000026ad7a0, 0x00000000026ad8a8]
Event: 99.554 Thread 0x000000000b6ba000 nmethod 421 0x00000000026acf50 code [0x00000000026ad0a0, 0x00000000026ad548]

GC Heap History (10 events):
Event: 81.825 GC heap before
{Heap before GC invocations=12 (full 0):
 PSYoungGen      total 27712K, used 27680K [0x00000007d5b60000, 0x00000007d8210000, 0x0000000800000000)
  eden space 27584K, 100% used [0x00000007d5b60000,0x00000007d7650000,0x00000007d7650000)
  from space 128K, 75% used [0x00000007d76f0000,0x00000007d7708000,0x00000007d7710000)
  to   space 6016K, 0% used [0x00000007d7c30000,0x00000007d7c30000,0x00000007d8210000)
 ParOldGen       total 86656K, used 4051K [0x0000000781200000, 0x00000007866a0000, 0x00000007d5b60000)
  object space 86656K, 4% used [0x0000000781200000,0x00000007815f4fc0,0x00000007866a0000)
 PSPermGen       total 21248K, used 14827K [0x000000077c000000, 0x000000077d4c0000, 0x0000000781200000)
  object space 21248K, 69% used [0x000000077c000000,0x000000077ce7af08,0x000000077d4c0000)
Event: 81.825 GC heap after
Heap after GC invocations=12 (full 0):
 PSYoungGen      total 32448K, used 96K [0x00000007d5b60000, 0x00000007d8180000, 0x0000000800000000)
  eden space 27008K, 0% used [0x00000007d5b60000,0x00000007d5b60000,0x00000007d75c0000)
  from space 5440K, 1% used [0x00000007d7c30000,0x00000007d7c48000,0x00000007d8180000)
  to   space 6016K, 0% used [0x00000007d75c0000,0x00000007d75c0000,0x00000007d7ba0000)
 ParOldGen       total 86656K, used 4059K [0x0000000781200000, 0x00000007866a0000, 0x00000007d5b60000)
  object space 86656K, 4% used [0x0000000781200000,0x00000007815f6fc0,0x00000007866a0000)
 PSPermGen       total 21248K, used 14827K [0x000000077c000000, 0x000000077d4c0000, 0x0000000781200000)
  object space 21248K, 69% used [0x000000077c000000,0x000000077ce7af08,0x000000077d4c0000)
}
Event: 87.249 GC heap before
{Heap before GC invocations=13 (full 0):
 PSYoungGen      total 32448K, used 27104K [0x00000007d5b60000, 0x00000007d8180000, 0x0000000800000000)
  eden space 27008K, 100% used [0x00000007d5b60000,0x00000007d75c0000,0x00000007d75c0000)
  from space 5440K, 1% used [0x00000007d7c30000,0x00000007d7c48000,0x00000007d8180000)
  to   space 6016K, 0% used [0x00000007d75c0000,0x00000007d75c0000,0x00000007d7ba0000)
 ParOldGen       total 86656K, used 4059K [0x0000000781200000, 0x00000007866a0000, 0x00000007d5b60000)
  object space 86656K, 4% used [0x0000000781200000,0x00000007815f6fc0,0x00000007866a0000)
 PSPermGen       total 21248K, used 14827K [0x000000077c000000, 0x000000077d4c0000, 0x0000000781200000)
  object space 21248K, 69% used [0x000000077c000000,0x000000077ce7af08,0x000000077d4c0000)
Event: 87.249 GC heap after
Heap after GC invocations=13 (full 0):
 PSYoungGen      total 26560K, used 96K [0x00000007d5b60000, 0x00000007d80d0000, 0x0000000800000000)
  eden space 26432K, 0% used [0x00000007d5b60000,0x00000007d5b60000,0x00000007d7530000)
  from space 128K, 75% used [0x00000007d75c0000,0x00000007d75d8000,0x00000007d75e0000)
  to   space 5952K, 0% used [0x00000007d7b00000,0x00000007d7b00000,0x00000007d80d0000)
 ParOldGen       total 86656K, used 4067K [0x0000000781200000, 0x00000007866a0000, 0x00000007d5b60000)
  object space 86656K, 4% used [0x0000000781200000,0x00000007815f8fc0,0x00000007866a0000)
 PSPermGen       total 21248K, used 14827K [0x000000077c000000, 0x000000077d4c0000, 0x0000000781200000)
  object space 21248K, 69% used [0x000000077c000000,0x000000077ce7af08,0x000000077d4c0000)
}
Event: 92.544 GC heap before
{Heap before GC invocations=14 (full 0):
 PSYoungGen      total 26560K, used 26528K [0x00000007d5b60000, 0x00000007d80d0000, 0x0000000800000000)
  eden space 26432K, 100% used [0x00000007d5b60000,0x00000007d7530000,0x00000007d7530000)
  from space 128K, 75% used [0x00000007d75c0000,0x00000007d75d8000,0x00000007d75e0000)
  to   space 5952K, 0% used [0x00000007d7b00000,0x00000007d7b00000,0x00000007d80d0000)
 ParOldGen       total 86656K, used 4067K [0x0000000781200000, 0x00000007866a0000, 0x00000007d5b60000)
  object space 86656K, 4% used [0x0000000781200000,0x00000007815f8fc0,0x00000007866a0000)
 PSPermGen       total 21248K, used 14829K [0x000000077c000000, 0x000000077d4c0000, 0x0000000781200000)
  object space 21248K, 69% used [0x000000077c000000,0x000000077ce7b690,0x000000077d4c0000)
Event: 92.545 GC heap after
Heap after GC invocations=14 (full 0):
 PSYoungGen      total 30976K, used 128K [0x00000007d5b60000, 0x00000007d8000000, 0x0000000800000000)
  eden space 25856K, 0% used [0x00000007d5b60000,0x00000007d5b60000,0x00000007d74a0000)
  from space 5120K, 2% used [0x00000007d7b00000,0x00000007d7b20000,0x00000007d8000000)
  to   space 5824K, 0% used [0x00000007d74a0000,0x00000007d74a0000,0x00000007d7a50000)
 ParOldGen       total 86656K, used 4067K [0x0000000781200000, 0x00000007866a0000, 0x00000007d5b60000)
  object space 86656K, 4% used [0x0000000781200000,0x00000007815f8fc0,0x00000007866a0000)
 PSPermGen       total 21248K, used 14829K [0x000000077c000000, 0x000000077d4c0000, 0x0000000781200000)
  object space 21248K, 69% used [0x000000077c000000,0x000000077ce7b690,0x000000077d4c0000)
}
Event: 97.760 GC heap before
{Heap before GC invocations=15 (full 0):
 PSYoungGen      total 30976K, used 25984K [0x00000007d5b60000, 0x00000007d8000000, 0x0000000800000000)
  eden space 25856K, 100% used [0x00000007d5b60000,0x00000007d74a0000,0x00000007d74a0000)
  from space 5120K, 2% used [0x00000007d7b00000,0x00000007d7b20000,0x00000007d8000000)
  to   space 5824K, 0% used [0x00000007d74a0000,0x00000007d74a0000,0x00000007d7a50000)
 ParOldGen       total 86656K, used 4067K [0x0000000781200000, 0x00000007866a0000, 0x00000007d5b60000)
  object space 86656K, 4% used [0x0000000781200000,0x00000007815f8fc0,0x00000007866a0000)
 PSPermGen       total 21248K, used 14829K [0x000000077c000000, 0x000000077d4c0000, 0x0000000781200000)
  object space 21248K, 69% used [0x000000077c000000,0x000000077ce7b690,0x000000077d4c0000)
Event: 97.761 GC heap after
Heap after GC invocations=15 (full 0):
 PSYoungGen      total 25472K, used 96K [0x00000007d5b60000, 0x00000007d7f20000, 0x0000000800000000)
  eden space 25344K, 0% used [0x00000007d5b60000,0x00000007d5b60000,0x00000007d7420000)
  from space 128K, 75% used [0x00000007d74a0000,0x00000007d74b8000,0x00000007d74c0000)
  to   space 5632K, 0% used [0x00000007d79a0000,0x00000007d79a0000,0x00000007d7f20000)
 ParOldGen       total 86656K, used 4091K [0x0000000781200000, 0x00000007866a0000, 0x00000007d5b60000)
  object space 86656K, 4% used [0x0000000781200000,0x00000007815fefc0,0x00000007866a0000)
 PSPermGen       total 21248K, used 14829K [0x000000077c000000, 0x000000077d4c0000, 0x0000000781200000)
  object space 21248K, 69% used [0x000000077c000000,0x000000077ce7b690,0x000000077d4c0000)
}
Event: 102.817 GC heap before
{Heap before GC invocations=16 (full 0):
 PSYoungGen      total 25472K, used 25440K [0x00000007d5b60000, 0x00000007d7f20000, 0x0000000800000000)
  eden space 25344K, 100% used [0x00000007d5b60000,0x00000007d7420000,0x00000007d7420000)
  from space 128K, 75% used [0x00000007d74a0000,0x00000007d74b8000,0x00000007d74c0000)
  to   space 5632K, 0% used [0x00000007d79a0000,0x00000007d79a0000,0x00000007d7f20000)
 ParOldGen       total 86656K, used 4091K [0x0000000781200000, 0x00000007866a0000, 0x00000007d5b60000)
  object space 86656K, 4% used [0x0000000781200000,0x00000007815fefc0,0x00000007866a0000)
 PSPermGen       total 21248K, used 14829K [0x000000077c000000, 0x000000077d4c0000, 0x0000000781200000)
  object space 21248K, 69% used [0x000000077c000000,0x000000077ce7b6b0,0x000000077d4c0000)
Event: 102.817 GC heap after
Heap after GC invocations=16 (full 0):
 PSYoungGen      total 29696K, used 96K [0x00000007d5b60000, 0x00000007d7e60000, 0x0000000800000000)
  eden space 24832K, 0% used [0x00000007d5b60000,0x00000007d5b60000,0x00000007d73a0000)
  from space 4864K, 1% used [0x00000007d79a0000,0x00000007d79b8000,0x00000007d7e60000)
  to   space 5504K, 0% used [0x00000007d73a0000,0x00000007d73a0000,0x00000007d7900000)
 ParOldGen       total 86656K, used 4115K [0x0000000781200000, 0x00000007866a0000, 0x00000007d5b60000)
  object space 86656K, 4% used [0x0000000781200000,0x0000000781604fc0,0x00000007866a0000)
 PSPermGen       total 21248K, used 14829K [0x000000077c000000, 0x000000077d4c0000, 0x0000000781200000)
  object space 21248K, 69% used [0x000000077c000000,0x000000077ce7b6b0,0x000000077d4c0000)
}

Deoptimization events (10 events):
Event: 0.520 Thread 0x000000000d67c000 Uncommon trap -83 fr.pc 0x00000000025da5a4
Event: 15.340 Thread 0x000000000d67c000 Uncommon trap -34 fr.pc 0x00000000026120ac
Event: 15.340 Thread 0x000000000d67c000 Uncommon trap -34 fr.pc 0x00000000026120ac
Event: 15.340 Thread 0x000000000d67c000 Uncommon trap -34 fr.pc 0x00000000026120ac
Event: 15.340 Thread 0x000000000d67c000 Uncommon trap -34 fr.pc 0x00000000026120ac
Event: 15.351 Thread 0x000000000d42b000 Uncommon trap -83 fr.pc 0x00000000025da9b4
Event: 15.357 Thread 0x000000000d42b000 Uncommon trap -83 fr.pc 0x00000000025da1c4
Event: 18.756 Thread 0x000000000d42b000 Uncommon trap -83 fr.pc 0x000000000262c3b0
Event: 102.305 Thread 0x000000000d67c000 Uncommon trap -83 fr.pc 0x000000000267860c
Event: 103.722 Thread 0x000000000d67c000 Uncommon trap -34 fr.pc 0x00000000026a5370

Internal exceptions (10 events):
Event: 15.363 Thread 0x000000000d42b000 Threw 0x00000007d5f3e190 at C:\jdk7u2_64p\jdk7u25\hotspot\src\share\vm\prims\jvm.cpp:1235
Event: 15.364 Thread 0x000000000d42b000 Threw 0x00000007d5f488e0 at C:\jdk7u2_64p\jdk7u25\hotspot\src\share\vm\prims\jvm.cpp:1235
Event: 15.364 Thread 0x000000000d42b000 Threw 0x00000007d5f4bc78 at C:\jdk7u2_64p\jdk7u25\hotspot\src\share\vm\prims\jvm.cpp:1235
Event: 18.738 Thread 0x000000000d42b000 Threw 0x00000007d6f27088 at C:\jdk7u2_64p\jdk7u25\hotspot\src\share\vm\prims\jvm.cpp:1235
Event: 18.738 Thread 0x000000000d42b000 Threw 0x00000007d6f2a680 at C:\jdk7u2_64p\jdk7u25\hotspot\src\share\vm\prims\jvm.cpp:1235
Event: 18.739 Thread 0x000000000d42b000 Threw 0x00000007d6f32d60 at C:\jdk7u2_64p\jdk7u25\hotspot\src\share\vm\prims\jvm.cpp:1235
Event: 18.755 Thread 0x000000000d42b000 Threw 0x00000007d6f36910 at C:\jdk7u2_64p\jdk7u25\hotspot\src\share\vm\prims\jvm.cpp:1235
Event: 18.755 Thread 0x000000000d42b000 Threw 0x00000007d6f3c0d0 at C:\jdk7u2_64p\jdk7u25\hotspot\src\share\vm\prims\jvm.cpp:1235
Event: 18.756 Thread 0x000000000d42b000 Threw 0x00000007d6f3f240 at C:\jdk7u2_64p\jdk7u25\hotspot\src\share\vm\prims\jvm.cpp:1235
Event: 26.385 Thread 0x000000000d42b000 Threw 0x00000007d7807618 at C:\jdk7u2_64p\jdk7u25\hotspot\src\share\vm\prims\jvm.cpp:1235

Events (10 events):
Event: 103.722 Thread 0x000000000d7d8000 Thread added: 0x000000000d7d8000
Event: 103.722 Thread 0x000000000d7d9000 Thread added: 0x000000000d7d9000
Event: 103.722 loading class 0x000000000d720d00
Event: 103.722 loading class 0x000000000d720d00 done
Event: 103.723 Thread 0x000000000d7d9000 Thread exited: 0x000000000d7d9000
Event: 103.723 Thread 0x000000000d6ad000 Thread exited: 0x000000000d6ad000
Event: 103.723 loading class 0x000000000d666f40
Event: 103.723 Thread 0x000000000d7d8000 Thread exited: 0x000000000d7d8000
Event: 103.723 loading class 0x000000000d666f40 done
Event: 103.723 Thread 0x000000000d726000 Thread exited: 0x000000000d726000


Dynamic libraries:
0x000000013fb80000 - 0x000000013fbb3000 	C:\Program Files\Java\jre7\bin\javaw.exe
0x00000000771e0000 - 0x0000000077389000 	C:\Windows\SYSTEM32\ntdll.dll
0x0000000076fc0000 - 0x00000000770df000 	C:\Windows\system32\kernel32.dll
0x000007fefd270000 - 0x000007fefd2db000 	C:\Windows\system32\KERNELBASE.dll
0x000007fefec20000 - 0x000007fefecfb000 	C:\Windows\system32\ADVAPI32.dll
0x000007feff3e0000 - 0x000007feff47f000 	C:\Windows\system32\msvcrt.dll
0x000007feff210000 - 0x000007feff22f000 	C:\Windows\SYSTEM32\sechost.dll
0x000007fefe390000 - 0x000007fefe4bd000 	C:\Windows\system32\RPCRT4.dll
0x00000000770e0000 - 0x00000000771da000 	C:\Windows\system32\USER32.dll
0x000007feff480000 - 0x000007feff4e7000 	C:\Windows\system32\GDI32.dll
0x000007fefe4c0000 - 0x000007fefe4ce000 	C:\Windows\system32\LPK.dll
0x000007fefe910000 - 0x000007fefe9d9000 	C:\Windows\system32\USP10.dll
0x000007fefb950000 - 0x000007fefbb44000 	C:\Windows\WinSxS\amd64_microsoft.windows.common-controls_6595b64144ccf1df_6.0.7601.17514_none_fa396087175ac9ac\COMCTL32.dll
0x000007feff250000 - 0x000007feff2c1000 	C:\Windows\system32\SHLWAPI.dll
0x000007fefea60000 - 0x000007fefea8e000 	C:\Windows\system32\IMM32.DLL
0x000007feff2d0000 - 0x000007feff3d9000 	C:\Windows\system32\MSCTF.dll
0x000000006afc0000 - 0x000000006b091000 	C:\Program Files\Java\jre7\bin\msvcr100.dll
0x0000000069150000 - 0x000000006985f000 	C:\Program Files\Java\jre7\bin\server\jvm.dll
0x000007fef77d0000 - 0x000007fef77d9000 	C:\Windows\system32\WSOCK32.dll
0x000007feff1c0000 - 0x000007feff20d000 	C:\Windows\system32\WS2_32.dll
0x000007fefea90000 - 0x000007fefea98000 	C:\Windows\system32\NSI.dll
0x000007fef8e90000 - 0x000007fef8ecb000 	C:\Windows\system32\WINMM.dll
0x00000000773b0000 - 0x00000000773b7000 	C:\Windows\system32\PSAPI.DLL
0x000000006fc80000 - 0x000000006fc8f000 	C:\Program Files\Java\jre7\bin\verify.dll
0x000000006f1f0000 - 0x000000006f218000 	C:\Program Files\Java\jre7\bin\java.dll
0x000000006f090000 - 0x000000006f0a5000 	C:\Program Files\Java\jre7\bin\zip.dll
0x0000000059660000 - 0x00000000597f5000 	C:\Program Files\Java\jre7\bin\awt.dll
0x000007fefeb40000 - 0x000007fefec17000 	C:\Windows\system32\OLEAUT32.dll
0x000007fefefb0000 - 0x000007feff1b3000 	C:\Windows\system32\ole32.dll
0x000007fefb340000 - 0x000007fefb358000 	C:\Windows\system32\DWMAPI.DLL
0x000007fefb770000 - 0x000007fefb7c6000 	C:\Windows\system32\uxtheme.dll
0x000007fefcec0000 - 0x000007fefcecf000 	C:\Windows\system32\CRYPTBASE.dll
0x000007fef75b0000 - 0x000007fef77af000 	C:\Windows\system32\d3d9.dll
0x000007fefc0d0000 - 0x000007fefc0dc000 	C:\Windows\system32\VERSION.dll
0x000007fef75a0000 - 0x000007fef75a7000 	C:\Windows\system32\d3d8thk.dll
0x000007fed1d70000 - 0x000007fed2ec4000 	C:\Windows\system32\nvd3dumx.dll
0x000007fefd3c0000 - 0x000007fefe148000 	C:\Windows\system32\SHELL32.dll
0x000007fefaf10000 - 0x000007fefaf3c000 	C:\Windows\system32\powrprof.dll
0x000007fefe570000 - 0x000007fefe747000 	C:\Windows\system32\SETUPAPI.dll
0x000007fefd200000 - 0x000007fefd236000 	C:\Windows\system32\CFGMGR32.dll
0x000007fefd250000 - 0x000007fefd26a000 	C:\Windows\system32\DEVOBJ.dll
0x000007fefa7e0000 - 0x000007fefa942000 	C:\Program Files (x86)\NVIDIA Corporation\3D Vision\nvSCPAPI64.dll
0x0000000180000000 - 0x0000000180129000 	C:\Windows\system32\nvspcap64.dll
0x000007fefd090000 - 0x000007fefd1fc000 	C:\Windows\system32\CRYPT32.dll
0x000007fefd030000 - 0x000007fefd03f000 	C:\Windows\system32\MSASN1.dll
0x000007fef8710000 - 0x000007fef8a24000 	C:\Windows\system32\nvapi64.dll
0x000007fefd040000 - 0x000007fefd07a000 	C:\Windows\system32\WINTRUST.dll
0x000000006e9e0000 - 0x000000006ea1f000 	C:\Program Files\Java\jre7\bin\fontmanager.dll
0x000007fef8df0000 - 0x000007fef8e90000 	C:\Windows\WinSxS\amd64_microsoft.windows.common-controls_6595b64144ccf1df_5.82.7601.18201_none_a4d3b9377117c3df\comctl32.dll
0x000000006fc40000 - 0x000000006fc59000 	C:\Program Files\Java\jre7\bin\net.dll
0x000007fefc800000 - 0x000007fefc855000 	C:\Windows\system32\mswsock.dll
0x000007fefc7f0000 - 0x000007fefc7f7000 	C:\Windows\System32\wship6.dll
0x000000006ea50000 - 0x000000006ea61000 	C:\Program Files\Java\jre7\bin\nio.dll
0x000000006e990000 - 0x000000006e9d1000 	C:\Program Files\Java\jre7\bin\t2k.dll
0x000007fefe4d0000 - 0x000007fefe569000 	C:\Windows\system32\CLBCatQ.DLL
0x000007fefb7d0000 - 0x000007fefb8fc000 	C:\Windows\system32\propsys.dll
0x000007fefbe40000 - 0x000007fefbe6d000 	C:\Windows\system32\ntmarta.dll
0x000007fefe8b0000 - 0x000007fefe902000 	C:\Windows\system32\WLDAP32.dll
0x000007fefce60000 - 0x000007fefceb7000 	C:\Windows\system32\apphelp.dll
0x000007fef4cc0000 - 0x000007fef4e5c000 	C:\Windows\system32\NetworkExplorer.dll
0x000007fef5a50000 - 0x000007fef5a84000 	C:\Windows\System32\shdocvw.dll
0x000007fefcf90000 - 0x000007fefcf9f000 	C:\Windows\system32\profapi.dll
0x000007fef9a30000 - 0x000007fef9a3b000 	C:\Windows\system32\slc.dll
0x000007fef7580000 - 0x000007fef7598000 	C:\Windows\system32\MPR.dll
0x0000000012110000 - 0x0000000012137000 	C:\Windows\system32\CbFsNetRdr3.dll
0x000007fefa1b0000 - 0x000007fefa1c6000 	C:\Windows\system32\NETAPI32.dll
0x000007fefacb0000 - 0x000007fefacbc000 	C:\Windows\system32\netutils.dll
0x000007fefcae0000 - 0x000007fefcb03000 	C:\Windows\system32\srvcli.dll
0x000007fefa1f0000 - 0x000007fefa205000 	C:\Windows\system32\wkscli.dll
0x000007fef5560000 - 0x000007fef556a000 	C:\Windows\System32\drprov.dll
0x000007fefc3a0000 - 0x000007fefc3dd000 	C:\Windows\System32\WINSTA.dll
0x000007fef4f20000 - 0x000007fef4f42000 	C:\Windows\System32\ntlanman.dll
0x000007fef4f00000 - 0x000007fef4f1d000 	C:\Windows\System32\davclnt.dll
0x000007fef5550000 - 0x000007fef555a000 	C:\Windows\System32\DAVHLPR.dll
0x000007fef6320000 - 0x000007fef632f000 	C:\Windows\system32\cscapi.dll
0x000007fef4420000 - 0x000007fef44dd000 	C:\Windows\system32\PortableDeviceApi.dll
0x000007fef54c0000 - 0x000007fef54f5000 	C:\Windows\system32\EhStorShell.dll
0x000007fefabe0000 - 0x000007fefac07000 	C:\Windows\system32\EhStorAPI.dll
0x000007fefb190000 - 0x000007fefb2f1000 	C:\Windows\system32\WindowsCodecs.dll
0x00000000123d0000 - 0x0000000012402000 	C:\Windows\system32\CbFsMntNtf3.dll
0x000007fefc260000 - 0x000007fefc271000 	C:\Windows\system32\WTSAPI32.dll
0x000007fef5350000 - 0x000007fef5410000 	C:\Program Files (x86)\Google\Drive\googledrivesync64.dll
0x000000006fe10000 - 0x000000006fee3000 	C:\Windows\WinSxS\amd64_microsoft.vc90.crt_1fc8b3b9a1e18e3b_9.0.30729.6161_none_08e61857a83bc251\MSVCP90.dll
0x000000006fd60000 - 0x000000006fe03000 	C:\Windows\WinSxS\amd64_microsoft.vc90.crt_1fc8b3b9a1e18e3b_9.0.30729.6161_none_08e61857a83bc251\MSVCR90.dll
0x000007fef63b0000 - 0x000007fef642e000 	C:\Windows\System32\cscui.dll
0x000007fef63a0000 - 0x000007fef63ac000 	C:\Windows\System32\CSCDLL.dll
0x000007fef6280000 - 0x000007fef6300000 	C:\Windows\system32\ntshrui.dll
0x000007fef5a40000 - 0x000007fef5a4c000 	C:\Windows\system32\LINKINFO.dll
0x000007fefb300000 - 0x000007fefb335000 	C:\Windows\system32\XmlLite.dll
0x000007fefc860000 - 0x000007fefc877000 	C:\Windows\system32\CRYPTSP.dll
0x000007fefc560000 - 0x000007fefc5a7000 	C:\Windows\system32\rsaenh.dll
0x000007fefcf70000 - 0x000007fefcf84000 	C:\Windows\system32\RpcRtRemote.dll
0x000007fee2c70000 - 0x000007fee2d47000 	C:\Windows\system32\SearchFolder.dll
0x000007fee08d0000 - 0x000007fee094b000 	C:\Windows\System32\StructuredQuery.dll
0x000007fefcc60000 - 0x000007fefcc6b000 	C:\Windows\System32\Secur32.dll
0x000007fefce30000 - 0x000007fefce55000 	C:\Windows\system32\SSPICLI.DLL
0x000007fee3880000 - 0x000007fee39a5000 	C:\Windows\system32\dbghelp.dll

VM Arguments:
jvm_args: -Dfile.encoding=Cp1252 
java_command: Main
Launcher Type: SUN_STANDARD

Environment Variables:
CLASSPATH=.;C:\Program Files (x86)\Java\jre7\lib\ext\QTJava.zip
PATH=C:\Program Files (x86)\NVIDIA Corporation\PhysX\Common;C:\Program Files (x86)\Intel\iCLS Client\;C:\Program Files\Intel\iCLS Client\;C:\Program Files (x86)\Common Files\Intel\Shared Libraries\redist\intel64\compiler;C:\Program Files (x86)\Common Files\Intel\Shared Libraries\redist\ia32\compiler;C:\Windows\system32;C:\Windows;C:\Windows\System32\Wbem;C:\Windows\System32\WindowsPowerShell\v1.0\;C:\Program Files\MiKTeX 2.9\miktex\bin\x64\;C:\Program Files\MATLAB\R2013a\runtime\win64;C:\Program Files\MATLAB\R2013a\bin;C:\Program Files\Intel\Intel(R) Management Engine Components\DAL;C:\Program Files\Intel\Intel(R) Management Engine Components\IPT;C:\Program Files (x86)\Intel\Intel(R) Management Engine Components\DAL;C:\Program Files (x86)\Intel\Intel(R) Management Engine Components\IPT;C:\Program Files (x86)\PharosSystems\Core;C:\Program Files (x86)\QuickTime\QTSystem\;C:\Apache2\bin
USERNAME=Dianwen Li
OS=Windows_NT
PROCESSOR_IDENTIFIER=Intel64 Family 6 Model 60 Stepping 3, GenuineIntel



---------------  S Y S T E M  ---------------

OS: Windows 7 , 64 bit Build 7601 Service Pack 1

CPU:total 4 (4 cores per cpu, 1 threads per core) family 6 model 60 stepping 3, cmov, cx8, fxsr, mmx, sse, sse2, sse3, ssse3, sse4.1, sse4.2, popcnt, avx, avx2, tsc, tscinvbit

Memory: 4k page, physical 8314468k(3527336k free), swap 8824604k(3043148k free)

vm_info: Java HotSpot(TM) 64-Bit Server VM (23.25-b01) for windows-amd64 JRE (1.7.0_25-b17), built on Jun 21 2013 12:58:32 by "java_re" with unknown MS VC++:1600

time: Sun Feb 02 11:55:03 2014
elapsed time: 103 seconds

