#
# A fatal error has been detected by the Java Runtime Environment:
#
#  EXCEPTION_ACCESS_VIOLATION (0xc0000005) at pc=0x0000000000000000, pid=7812, tid=3976
#
# JRE version: 7.0_25-b17
# Java VM: Java HotSpot(TM) 64-Bit Server VM (23.25-b01 mixed mode windows-amd64 compressed oops)
# Problematic frame:
# C  0x0000000000000000
#
# Failed to write core dump. Minidumps are not enabled by default on client versions of Windows
#
# If you would like to submit a bug report, please visit:
#   http://bugreport.sun.com/bugreport/crash.jsp
# The crash happened outside the Java Virtual Machine in native code.
# See problematic frame for where to report the bug.
#

---------------  T H R E A D  ---------------

Current thread (0x000000000d35d800):  JavaThread "AWT-Windows" daemon [_thread_in_native, id=3976, stack(0x000000000dab0000,0x000000000dbb0000)]

siginfo: ExceptionCode=0xc0000005, ExceptionInformation=0x0000000000000008 0x0000000000000000

Registers:
RAX=0x000000000dc92fe0, RBX=0x000000000dc99580, RCX=0x0000000000000000, RDX=0x000000000fe82b90
RSP=0x000000000dbaeb68, RBP=0x0000000000000000, RSI=0x0000000000000000, RDI=0x000000000dbf6560
R8 =0x0000000010e163c0, R9 =0x2707137a009e0002, R10=0x00000000023d0158, R11=0x000007fee1159900
R12=0x0000000000000000, R13=0x000000077c4e8228, R14=0x000000000dbaefb8, R15=0x000000000d35d800
RIP=0x0000000000000000, EFLAGS=0x0000000000010206

Top of Stack: (sp=0x000000000dbaeb68)
0x000000000dbaeb68:   000007fee0fd3335 000000000d35d800
0x000000000dbaeb78:   000000000d000000 000000077c95cbe8
0x000000000dbaeb88:   000000000dbaeb38 000000000dbf6560
0x000000000dbaeb98:   000007fee0fd3287 000000000dc99580
0x000000000dbaeba8:   000000005094e4c6 00001d6f6d7d101b
0x000000000dbaebb8:   000000077c95cbe8 000000000dcacee0
0x000000000dbaebc8:   000007fee0fea72a 000000000dbaefb8
0x000000000dbaebd8:   0000000010e163c0 0000000000000000
0x000000000dbaebe8:   000000000d35d9d8 000000000dbf6560
0x000000000dbaebf8:   000000000dc99580 fffffffffffffffe
0x000000000dbaec08:   000000005096cd72 0000000000000000
0x000000000dbaec18:   000007fee0fea668 0000000000000001
0x000000000dbaec28:   000000000dbaef98 0000000010e163c0
0x000000000dbaec38:   0000000010e163c0 000000000dbd6670
0x000000000dbaec48:   000007fee0fea7c6 000000000dbd2860
0x000000000dbaec58:   000000000dbaef98 0000000010e163c0 

Instructions: (pc=0x0000000000000000)
0xffffffffffffffe0:   


Register to memory mapping:

RAX=0x000000000dc92fe0 is an unknown value
RBX=0x000000000dc99580 is an unknown value
RCX=0x0000000000000000 is an unknown value
RDX=0x000000000fe82b90 is an unknown value
RSP=0x000000000dbaeb68 is pointing into the stack for thread: 0x000000000d35d800
RBP=0x0000000000000000 is an unknown value
RSI=0x0000000000000000 is an unknown value
RDI=0x000000000dbf6560 is an unknown value
R8 =0x0000000010e163c0 is an unknown value
R9 =0x2707137a009e0002 is an unknown value
R10=0x00000000023d0158 is an unknown value
R11=0x000007fee1159900 is an unknown value
R12=0x0000000000000000 is an unknown value
R13=0x000000077c4e8228 is an oop
{method} 
 - klass: {other class}
R14=0x000000000dbaefb8 is pointing into the stack for thread: 0x000000000d35d800
R15=0x000000000d35d800 is a thread


Stack: [0x000000000dab0000,0x000000000dbb0000],  sp=0x000000000dbaeb68,  free space=1018k
Java frames: (J=compiled Java code, j=interpreted, Vv=VM code)
j  sun.awt.windows.WToolkit.eventLoop()V+0
j  sun.awt.windows.WToolkit.run()V+49
j  java.lang.Thread.run()V+11
v  ~StubRoutines::call_stub

---------------  P R O C E S S  ---------------

Java Threads: ( => current thread )
  0x000000000d361800 JavaThread "Thread-1" daemon [_thread_in_native, id=8244, stack(0x0000000013040000,0x0000000013140000)]
  0x000000000d360000 JavaThread "DestroyJavaVM" [_thread_blocked, id=6664, stack(0x00000000025f0000,0x00000000026f0000)]
  0x000000000d35e800 JavaThread "AWT-EventQueue-0" [_thread_blocked, id=4672, stack(0x0000000011030000,0x0000000011130000)]
=>0x000000000d35d800 JavaThread "AWT-Windows" daemon [_thread_in_native, id=3976, stack(0x000000000dab0000,0x000000000dbb0000)]
  0x000000000d35d000 JavaThread "AWT-Shutdown" [_thread_blocked, id=8988, stack(0x000000000d7a0000,0x000000000d8a0000)]
  0x000000000d30b800 JavaThread "Java2D Disposer" daemon [_thread_blocked, id=7512, stack(0x000000000d8c0000,0x000000000d9c0000)]
  0x000000000d1f6800 JavaThread "Thread-0" [_thread_blocked, id=8688, stack(0x000000000d600000,0x000000000d700000)]
  0x000000000b923000 JavaThread "Service Thread" daemon [_thread_blocked, id=4660, stack(0x000000000d0c0000,0x000000000d1c0000)]
  0x000000000b922800 JavaThread "C2 CompilerThread1" daemon [_thread_blocked, id=3420, stack(0x000000000c770000,0x000000000c870000)]
  0x000000000b91d800 JavaThread "C2 CompilerThread0" daemon [_thread_blocked, id=8796, stack(0x000000000cf80000,0x000000000d080000)]
  0x000000000b918800 JavaThread "Attach Listener" daemon [_thread_blocked, id=8840, stack(0x000000000ce30000,0x000000000cf30000)]
  0x000000000b911800 JavaThread "Signal Dispatcher" daemon [_thread_blocked, id=3080, stack(0x000000000cc00000,0x000000000cd00000)]
  0x00000000024d5000 JavaThread "Finalizer" daemon [_thread_blocked, id=816, stack(0x000000000caf0000,0x000000000cbf0000)]
  0x00000000024ce000 JavaThread "Reference Handler" daemon [_thread_blocked, id=400, stack(0x000000000c9f0000,0x000000000caf0000)]

Other Threads:
  0x000000000b892800 VMThread [stack: 0x000000000c880000,0x000000000c980000] [id=6636]
  0x000000000b93c000 WatcherThread [stack: 0x000000000cd00000,0x000000000ce00000] [id=8384]

VM state:not at safepoint (normal execution)

VM Mutex/Monitor currently owned by a thread: None

Heap
 PSYoungGen      total 29760K, used 5028K [0x00000007d5b60000, 0x00000007d7bb0000, 0x0000000800000000)
  eden space 28224K, 17% used [0x00000007d5b60000,0x00000007d60313e0,0x00000007d76f0000)
  from space 1536K, 6% used [0x00000007d7a30000,0x00000007d7a48000,0x00000007d7bb0000)
  to   space 2432K, 0% used [0x00000007d76f0000,0x00000007d76f0000,0x00000007d7950000)
 ParOldGen       total 86656K, used 1536K [0x0000000781200000, 0x00000007866a0000, 0x00000007d5b60000)
  object space 86656K, 1% used [0x0000000781200000,0x0000000781380090,0x00000007866a0000)
 PSPermGen       total 21248K, used 9588K [0x000000077c000000, 0x000000077d4c0000, 0x0000000781200000)
  object space 21248K, 45% used [0x000000077c000000,0x000000077c95d120,0x000000077d4c0000)

Card table byte_map: [0x00000000056f0000,0x0000000005b20000] byte_map_base: 0x0000000001b10000

Polling page: 0x0000000000120000

Code Cache  [0x00000000026f0000, 0x0000000002960000, 0x00000000056f0000)
 total_blobs=716 nmethods=260 adapters=407 free_code_cache=48051Kb largest_free_block=49177792

Compilation events (10 events):
Event: 45.796 Thread 0x000000000b922800 nmethod 255 0x00000000027fdf50 code [0x00000000027fe080, 0x00000000027fe0f8]
Event: 45.796 Thread 0x000000000b91d800 nmethod 254 0x00000000027fdcd0 code [0x00000000027fde20, 0x00000000027fdeb8]
Event: 45.876 Thread 0x000000000b922800  256             sun.java2d.SurfaceData::getSurfaceType (5 bytes)
Event: 45.876 Thread 0x000000000b922800 nmethod 256 0x00000000027fda90 code [0x00000000027fdbc0, 0x00000000027fdc38]
Event: 46.355 Thread 0x000000000b91d800  257             jgame.impl.EngineLogic::flushRemoveList (88 bytes)
Event: 46.360 Thread 0x000000000b91d800 nmethod 257 0x00000000027fec90 code [0x00000000027fee80, 0x00000000027ff650]
Event: 46.835 Thread 0x000000000b922800  258             java.util.Vector::elements (9 bytes)
Event: 46.836 Thread 0x000000000b922800 nmethod 258 0x00000000027fe9d0 code [0x00000000027feb20, 0x00000000027febf8]
Event: 47.075 Thread 0x000000000b91d800  259  s!         java.awt.Toolkit::getDefaultToolkit (39 bytes)
Event: 47.076 Thread 0x000000000b91d800 nmethod 259 0x0000000002803410 code [0x0000000002803560, 0x00000000028037b8]

GC Heap History (10 events):
Event: 31.876 GC heap before
{Heap before GC invocations=6 (full 0):
 PSYoungGen      total 33280K, used 33264K [0x00000007d5b60000, 0x00000007d8070000, 0x0000000800000000)
  eden space 31744K, 100% used [0x00000007d5b60000,0x00000007d7a60000,0x00000007d7a60000)
  from space 1536K, 98% used [0x00000007d7b20000,0x00000007d7c9c010,0x00000007d7ca0000)
  to   space 1920K, 0% used [0x00000007d7e90000,0x00000007d7e90000,0x00000007d8070000)
 ParOldGen       total 86656K, used 24K [0x0000000781200000, 0x00000007866a0000, 0x00000007d5b60000)
  object space 86656K, 0% used [0x0000000781200000,0x0000000781206000,0x00000007866a0000)
 PSPermGen       total 21248K, used 9537K [0x000000077c000000, 0x000000077d4c0000, 0x0000000781200000)
  object space 21248K, 44% used [0x000000077c000000,0x000000077c950670,0x000000077d4c0000)
Event: 31.877 GC heap after
Heap after GC invocations=6 (full 0):
 PSYoungGen      total 32512K, used 1488K [0x00000007d5b60000, 0x00000007d8010000, 0x0000000800000000)
  eden space 30976K, 0% used [0x00000007d5b60000,0x00000007d5b60000,0x00000007d79a0000)
  from space 1536K, 96% used [0x00000007d7e90000,0x00000007d8004010,0x00000007d8010000)
  to   space 1920K, 0% used [0x00000007d7c50000,0x00000007d7c50000,0x00000007d7e30000)
 ParOldGen       total 86656K, used 24K [0x0000000781200000, 0x00000007866a0000, 0x00000007d5b60000)
  object space 86656K, 0% used [0x0000000781200000,0x0000000781206000,0x00000007866a0000)
 PSPermGen       total 21248K, used 9537K [0x000000077c000000, 0x000000077d4c0000, 0x0000000781200000)
  object space 21248K, 44% used [0x000000077c000000,0x000000077c950670,0x000000077d4c0000)
}
Event: 36.051 GC heap before
{Heap before GC invocations=7 (full 0):
 PSYoungGen      total 32512K, used 32464K [0x00000007d5b60000, 0x00000007d8010000, 0x0000000800000000)
  eden space 30976K, 100% used [0x00000007d5b60000,0x00000007d79a0000,0x00000007d79a0000)
  from space 1536K, 96% used [0x00000007d7e90000,0x00000007d8004010,0x00000007d8010000)
  to   space 1920K, 0% used [0x00000007d7c50000,0x00000007d7c50000,0x00000007d7e30000)
 ParOldGen       total 86656K, used 24K [0x0000000781200000, 0x00000007866a0000, 0x00000007d5b60000)
  object space 86656K, 0% used [0x0000000781200000,0x0000000781206000,0x00000007866a0000)
 PSPermGen       total 21248K, used 9553K [0x000000077c000000, 0x000000077d4c0000, 0x0000000781200000)
  object space 21248K, 44% used [0x000000077c000000,0x000000077c9544b8,0x000000077d4c0000)
Event: 36.053 GC heap after
Heap after GC invocations=7 (full 0):
 PSYoungGen      total 30400K, used 128K [0x00000007d5b60000, 0x00000007d7ea0000, 0x0000000800000000)
  eden space 30272K, 0% used [0x00000007d5b60000,0x00000007d5b60000,0x00000007d78f0000)
  from space 128K, 100% used [0x00000007d7c50000,0x00000007d7c70000,0x00000007d7c70000)
  to   space 2176K, 0% used [0x00000007d7c80000,0x00000007d7c80000,0x00000007d7ea0000)
 ParOldGen       total 86656K, used 1464K [0x0000000781200000, 0x00000007866a0000, 0x00000007d5b60000)
  object space 86656K, 1% used [0x0000000781200000,0x000000078136e090,0x00000007866a0000)
 PSPermGen       total 21248K, used 9553K [0x000000077c000000, 0x000000077d4c0000, 0x0000000781200000)
  object space 21248K, 44% used [0x000000077c000000,0x000000077c9544b8,0x000000077d4c0000)
}
Event: 40.163 GC heap before
{Heap before GC invocations=8 (full 0):
 PSYoungGen      total 30400K, used 30400K [0x00000007d5b60000, 0x00000007d7ea0000, 0x0000000800000000)
  eden space 30272K, 100% used [0x00000007d5b60000,0x00000007d78f0000,0x00000007d78f0000)
  from space 128K, 100% used [0x00000007d7c50000,0x00000007d7c70000,0x00000007d7c70000)
  to   space 2176K, 0% used [0x00000007d7c80000,0x00000007d7c80000,0x00000007d7ea0000)
 ParOldGen       total 86656K, used 1464K [0x0000000781200000, 0x00000007866a0000, 0x00000007d5b60000)
  object space 86656K, 1% used [0x0000000781200000,0x000000078136e090,0x00000007866a0000)
 PSPermGen       total 21248K, used 9555K [0x000000077c000000, 0x000000077d4c0000, 0x0000000781200000)
  object space 21248K, 44% used [0x000000077c000000,0x000000077c954e58,0x000000077d4c0000)
Event: 40.163 GC heap after
Heap after GC invocations=8 (full 0):
 PSYoungGen      total 29824K, used 128K [0x00000007d5b60000, 0x00000007d7cc0000, 0x0000000800000000)
  eden space 29568K, 0% used [0x00000007d5b60000,0x00000007d5b60000,0x00000007d7840000)
  from space 256K, 50% used [0x00000007d7c80000,0x00000007d7ca0000,0x00000007d7cc0000)
  to   space 2304K, 0% used [0x00000007d7840000,0x00000007d7840000,0x00000007d7a80000)
 ParOldGen       total 86656K, used 1496K [0x0000000781200000, 0x00000007866a0000, 0x00000007d5b60000)
  object space 86656K, 1% used [0x0000000781200000,0x0000000781376090,0x00000007866a0000)
 PSPermGen       total 21248K, used 9555K [0x000000077c000000, 0x000000077d4c0000, 0x0000000781200000)
  object space 21248K, 44% used [0x000000077c000000,0x000000077c954e58,0x000000077d4c0000)
}
Event: 44.211 GC heap before
{Heap before GC invocations=9 (full 0):
 PSYoungGen      total 29824K, used 29696K [0x00000007d5b60000, 0x00000007d7cc0000, 0x0000000800000000)
  eden space 29568K, 100% used [0x00000007d5b60000,0x00000007d7840000,0x00000007d7840000)
  from space 256K, 50% used [0x00000007d7c80000,0x00000007d7ca0000,0x00000007d7cc0000)
  to   space 2304K, 0% used [0x00000007d7840000,0x00000007d7840000,0x00000007d7a80000)
 ParOldGen       total 86656K, used 1496K [0x0000000781200000, 0x00000007866a0000, 0x00000007d5b60000)
  object space 86656K, 1% used [0x0000000781200000,0x0000000781376090,0x00000007866a0000)
 PSPermGen       total 21248K, used 9582K [0x000000077c000000, 0x000000077d4c0000, 0x0000000781200000)
  object space 21248K, 45% used [0x000000077c000000,0x000000077c95bb08,0x000000077d4c0000)
Event: 44.212 GC heap after
Heap after GC invocations=9 (full 0):
 PSYoungGen      total 28992K, used 96K [0x00000007d5b60000, 0x00000007d7c90000, 0x0000000800000000)
  eden space 28864K, 0% used [0x00000007d5b60000,0x00000007d5b60000,0x00000007d7790000)
  from space 128K, 75% used [0x00000007d7840000,0x00000007d7858000,0x00000007d7860000)
  to   space 2432K, 0% used [0x00000007d7a30000,0x00000007d7a30000,0x00000007d7c90000)
 ParOldGen       total 86656K, used 1520K [0x0000000781200000, 0x00000007866a0000, 0x00000007d5b60000)
  object space 86656K, 1% used [0x0000000781200000,0x000000078137c090,0x00000007866a0000)
 PSPermGen       total 21248K, used 9582K [0x000000077c000000, 0x000000077d4c0000, 0x0000000781200000)
  object space 21248K, 45% used [0x000000077c000000,0x000000077c95bb08,0x000000077d4c0000)
}
Event: 48.164 GC heap before
{Heap before GC invocations=10 (full 0):
 PSYoungGen      total 28992K, used 28960K [0x00000007d5b60000, 0x00000007d7c90000, 0x0000000800000000)
  eden space 28864K, 100% used [0x00000007d5b60000,0x00000007d7790000,0x00000007d7790000)
  from space 128K, 75% used [0x00000007d7840000,0x00000007d7858000,0x00000007d7860000)
  to   space 2432K, 0% used [0x00000007d7a30000,0x00000007d7a30000,0x00000007d7c90000)
 ParOldGen       total 86656K, used 1520K [0x0000000781200000, 0x00000007866a0000, 0x00000007d5b60000)
  object space 86656K, 1% used [0x0000000781200000,0x000000078137c090,0x00000007866a0000)
 PSPermGen       total 21248K, used 9582K [0x000000077c000000, 0x000000077d4c0000, 0x0000000781200000)
  object space 21248K, 45% used [0x000000077c000000,0x000000077c95bbb0,0x000000077d4c0000)
Event: 48.164 GC heap after
Heap after GC invocations=10 (full 0):
 PSYoungGen      total 29760K, used 96K [0x00000007d5b60000, 0x00000007d7bb0000, 0x0000000800000000)
  eden space 28224K, 0% used [0x00000007d5b60000,0x00000007d5b60000,0x00000007d76f0000)
  from space 1536K, 6% used [0x00000007d7a30000,0x00000007d7a48000,0x00000007d7bb0000)
  to   space 2432K, 0% used [0x00000007d76f0000,0x00000007d76f0000,0x00000007d7950000)
 ParOldGen       total 86656K, used 1536K [0x0000000781200000, 0x00000007866a0000, 0x00000007d5b60000)
  object space 86656K, 1% used [0x0000000781200000,0x0000000781380090,0x00000007866a0000)
 PSPermGen       total 21248K, used 9582K [0x000000077c000000, 0x000000077d4c0000, 0x0000000781200000)
  object space 21248K, 45% used [0x000000077c000000,0x000000077c95bbb0,0x000000077d4c0000)
}

Deoptimization events (1 events):
Event: 7.284 Thread 0x000000000d1f6800 Uncommon trap -83 fr.pc 0x000000000279849c

Internal exceptions (10 events):
Event: 1.317 Thread 0x000000000d1f6800 Threw 0x00000007d5f18e78 at C:\jdk7u2_64p\jdk7u25\hotspot\src\share\vm\prims\jvm.cpp:1235
Event: 1.317 Thread 0x000000000d1f6800 Threw 0x00000007d5f1b500 at C:\jdk7u2_64p\jdk7u25\hotspot\src\share\vm\prims\jvm.cpp:1235
Event: 1.318 Thread 0x000000000d1f6800 Threw 0x00000007d5f21470 at C:\jdk7u2_64p\jdk7u25\hotspot\src\share\vm\prims\jvm.cpp:1235
Event: 1.318 Thread 0x000000000d1f6800 Threw 0x00000007d5f27590 at C:\jdk7u2_64p\jdk7u25\hotspot\src\share\vm\prims\jvm.cpp:1235
Event: 1.318 Thread 0x000000000d1f6800 Threw 0x00000007d5f2ab88 at C:\jdk7u2_64p\jdk7u25\hotspot\src\share\vm\prims\jvm.cpp:1235
Event: 1.319 Thread 0x000000000d1f6800 Threw 0x00000007d63a8518 at C:\jdk7u2_64p\jdk7u25\hotspot\src\share\vm\prims\jvm.cpp:1235
Event: 1.335 Thread 0x000000000d1f6800 Threw 0x00000007d63ab350 at C:\jdk7u2_64p\jdk7u25\hotspot\src\share\vm\prims\jvm.cpp:1235
Event: 1.336 Thread 0x000000000d1f6800 Threw 0x00000007d63b08e0 at C:\jdk7u2_64p\jdk7u25\hotspot\src\share\vm\prims\jvm.cpp:1235
Event: 1.336 Thread 0x000000000d1f6800 Threw 0x00000007d63b3388 at C:\jdk7u2_64p\jdk7u25\hotspot\src\share\vm\prims\jvm.cpp:1235
Event: 27.508 Thread 0x000000000d1f6800 Threw 0x00000007d5c08fc0 at C:\jdk7u2_64p\jdk7u25\hotspot\src\share\vm\prims\jvm.cpp:1235

Events (10 events):
Event: 44.211 Executing VM operation: ParallelGCFailedAllocation
Event: 44.212 Executing VM operation: ParallelGCFailedAllocation done
Event: 48.164 Executing VM operation: ParallelGCFailedAllocation
Event: 48.164 Executing VM operation: ParallelGCFailedAllocation done
Event: 48.837 Thread 0x000000000d360800 Thread added: 0x000000000d360800
Event: 48.837 Thread 0x000000000d361800 Thread added: 0x000000000d361800
Event: 48.837 Thread 0x000000000d360800 Thread exited: 0x000000000d360800
Event: 48.837 Thread 0x000000000d35f000 Thread exited: 0x000000000d35f000
Event: 48.837 loading class 0x000000000d336560
Event: 48.837 loading class 0x000000000d336560 done


Dynamic libraries:
0x000000013f3d0000 - 0x000000013f403000 	C:\Program Files\Java\jre7\bin\javaw.exe
0x0000000077b30000 - 0x0000000077cd9000 	C:\Windows\SYSTEM32\ntdll.dll
0x0000000077a10000 - 0x0000000077b2f000 	C:\Windows\system32\kernel32.dll
0x000007fefdbc0000 - 0x000007fefdc2b000 	C:\Windows\system32\KERNELBASE.dll
0x000007feff490000 - 0x000007feff56b000 	C:\Windows\system32\ADVAPI32.dll
0x000007feff750000 - 0x000007feff7ef000 	C:\Windows\system32\msvcrt.dll
0x000007feffc50000 - 0x000007feffc6f000 	C:\Windows\SYSTEM32\sechost.dll
0x000007feffcf0000 - 0x000007feffe1d000 	C:\Windows\system32\RPCRT4.dll
0x0000000077910000 - 0x0000000077a0a000 	C:\Windows\system32\USER32.dll
0x000007feff2b0000 - 0x000007feff317000 	C:\Windows\system32\GDI32.dll
0x000007fefe280000 - 0x000007fefe28e000 	C:\Windows\system32\LPK.dll
0x000007feff3c0000 - 0x000007feff489000 	C:\Windows\system32\USP10.dll
0x000007fefc2a0000 - 0x000007fefc494000 	C:\Windows\WinSxS\amd64_microsoft.windows.common-controls_6595b64144ccf1df_6.0.7601.17514_none_fa396087175ac9ac\COMCTL32.dll
0x000007feffc70000 - 0x000007feffce1000 	C:\Windows\system32\SHLWAPI.dll
0x000007fefe4f0000 - 0x000007fefe51e000 	C:\Windows\system32\IMM32.DLL
0x000007fefdd60000 - 0x000007fefde69000 	C:\Windows\system32\MSCTF.dll
0x000000005f260000 - 0x000000005f331000 	C:\Program Files\Java\jre7\bin\msvcr100.dll
0x0000000050860000 - 0x0000000050f6f000 	C:\Program Files\Java\jre7\bin\server\jvm.dll
0x000007fef8120000 - 0x000007fef8129000 	C:\Windows\system32\WSOCK32.dll
0x000007fefdd10000 - 0x000007fefdd5d000 	C:\Windows\system32\WS2_32.dll
0x000007feff7f0000 - 0x000007feff7f8000 	C:\Windows\system32\NSI.dll
0x000007fef9ad0000 - 0x000007fef9b0b000 	C:\Windows\system32\WINMM.dll
0x0000000077cf0000 - 0x0000000077cf7000 	C:\Windows\system32\PSAPI.DLL
0x000000006b820000 - 0x000000006b82f000 	C:\Program Files\Java\jre7\bin\verify.dll
0x0000000060e90000 - 0x0000000060eb8000 	C:\Program Files\Java\jre7\bin\java.dll
0x0000000063240000 - 0x0000000063255000 	C:\Program Files\Java\jre7\bin\zip.dll
0x000000006b500000 - 0x000000006b695000 	C:\Program Files\Java\jre7\bin\awt.dll
0x000007fefdef0000 - 0x000007fefdfc7000 	C:\Windows\system32\OLEAUT32.dll
0x000007feff800000 - 0x000007feffa03000 	C:\Windows\system32\ole32.dll
0x000007fefbc90000 - 0x000007fefbca8000 	C:\Windows\system32\DWMAPI.DLL
0x000007fefc0c0000 - 0x000007fefc116000 	C:\Windows\system32\uxtheme.dll
0x000007fefd810000 - 0x000007fefd81f000 	C:\Windows\system32\CRYPTBASE.dll
0x000007fefe520000 - 0x000007feff2a8000 	C:\Windows\system32\SHELL32.dll
0x000007fee0fd0000 - 0x000007fee11cf000 	C:\Windows\system32\d3d9.dll
0x000007fefca20000 - 0x000007fefca2c000 	C:\Windows\system32\VERSION.dll
0x000007fef80f0000 - 0x000007fef80f7000 	C:\Windows\system32\d3d8thk.dll
0x000007fee7000000 - 0x000007fee8154000 	C:\Windows\system32\nvd3dumx.dll
0x000007fefb860000 - 0x000007fefb88c000 	C:\Windows\system32\powrprof.dll
0x000007feff570000 - 0x000007feff747000 	C:\Windows\system32\SETUPAPI.dll
0x000007fefdcd0000 - 0x000007fefdd06000 	C:\Windows\system32\CFGMGR32.dll
0x000007fefdca0000 - 0x000007fefdcba000 	C:\Windows\system32\DEVOBJ.dll
0x000007feec7d0000 - 0x000007feec932000 	C:\Program Files (x86)\NVIDIA Corporation\3D Vision\nvSCPAPI64.dll
0x0000000180000000 - 0x0000000180129000 	C:\Windows\system32\nvspcap64.dll
0x000007fefd990000 - 0x000007fefdafc000 	C:\Windows\system32\CRYPT32.dll
0x000007fefd980000 - 0x000007fefd98f000 	C:\Windows\system32\MSASN1.dll
0x000007fef90e0000 - 0x000007fef93f4000 	C:\Windows\system32\nvapi64.dll
0x000007fefdc50000 - 0x000007fefdc8a000 	C:\Windows\system32\WINTRUST.dll
0x0000000070290000 - 0x00000000702cf000 	C:\Program Files\Java\jre7\bin\fontmanager.dll
0x0000000060e70000 - 0x0000000060e89000 	C:\Program Files\Java\jre7\bin\net.dll
0x000007fefd110000 - 0x000007fefd165000 	C:\Windows\system32\mswsock.dll
0x000007fefd100000 - 0x000007fefd107000 	C:\Windows\System32\wship6.dll
0x0000000060e50000 - 0x0000000060e61000 	C:\Program Files\Java\jre7\bin\nio.dll
0x000000006f6b0000 - 0x000000006f6f1000 	C:\Program Files\Java\jre7\bin\t2k.dll
0x000007fee2210000 - 0x000007fee2335000 	C:\Windows\system32\dbghelp.dll

VM Arguments:
jvm_args: -Dfile.encoding=Cp1252 
java_command: Main
Launcher Type: SUN_STANDARD

Environment Variables:
CLASSPATH=.;C:\Program Files (x86)\Java\jre7\lib\ext\QTJava.zip
PATH=C:\Program Files (x86)\NVIDIA Corporation\PhysX\Common;C:\Program Files (x86)\Intel\iCLS Client\;C:\Program Files\Intel\iCLS Client\;C:\Program Files (x86)\Common Files\Intel\Shared Libraries\redist\intel64\compiler;C:\Program Files (x86)\Common Files\Intel\Shared Libraries\redist\ia32\compiler;C:\Windows\system32;C:\Windows;C:\Windows\System32\Wbem;C:\Windows\System32\WindowsPowerShell\v1.0\;C:\Program Files\MiKTeX 2.9\miktex\bin\x64\;C:\Program Files\MATLAB\R2013a\runtime\win64;C:\Program Files\MATLAB\R2013a\bin;C:\Program Files\Intel\Intel(R) Management Engine Components\DAL;C:\Program Files\Intel\Intel(R) Management Engine Components\IPT;C:\Program Files (x86)\Intel\Intel(R) Management Engine Components\DAL;C:\Program Files (x86)\Intel\Intel(R) Management Engine Components\IPT;C:\Program Files (x86)\PharosSystems\Core;C:\Program Files (x86)\QuickTime\QTSystem\;C:\Apache2\bin
USERNAME=Dianwen Li
OS=Windows_NT
PROCESSOR_IDENTIFIER=Intel64 Family 6 Model 60 Stepping 3, GenuineIntel



---------------  S Y S T E M  ---------------

OS: Windows 7 , 64 bit Build 7601 Service Pack 1

CPU:total 4 (4 cores per cpu, 1 threads per core) family 6 model 60 stepping 3, cmov, cx8, fxsr, mmx, sse, sse2, sse3, ssse3, sse4.1, sse4.2, popcnt, avx, avx2, tsc, tscinvbit

Memory: 4k page, physical 8314468k(5033680k free), swap 8824604k(5153380k free)

vm_info: Java HotSpot(TM) 64-Bit Server VM (23.25-b01) for windows-amd64 JRE (1.7.0_25-b17), built on Jun 21 2013 12:58:32 by "java_re" with unknown MS VC++:1600

time: Wed Jan 29 22:48:53 2014
elapsed time: 48 seconds

